2026-05-28 11:28:27.124 MainThread udi_interface      INFO     polylogger:set_basic_config: set_basic_config: enable=True level=30
2026-05-28 11:28:27.124 MainThread udi_interface      INFO     __init__:<module>: UDI interface initializing
2026-05-28 11:28:27.124 MainThread udi_interface      INFO     __init__:<module>: User=None
2026-05-28 11:28:27.124 MainThread udi_interface      INFO     __init__:<module>: Home=/home/admin
2026-05-28 11:28:27.124 MainThread udi_interface      INFO     __init__:<module>: Node Server Path=/usr/home/admin/UDI/udi-MonitorAlert/udi-MonitorAlert
2026-05-28 11:28:27.124 MainThread udi_interface      INFO     __init__:<module>: PG3INIT=eyJ1dWlkIjoiMDA6MjE6Yjk6MDI6NmQ6Y2QiLCJwcm9maWxlTnVtIjoxMSwibG9nTGV2ZWwiOiJJTkZPIiwidG9rZW4iOiIpTE0rSVBNNCZIKSlBaG1nIiwibXF0dEhvc3QiOiJsb2NhbGhvc3QiLCJtcXR0UG9ydCI6ODg4Mywic2VjdXJlIjoxLCJpc1BHM3giOnRydWUsInBnM1ZlcnNpb24iOiIzLjQuMTgiLCJpc3lWZXJzaW9uIjoiNi4wLjUiLCJlZGl0aW9uIjoiRnJlZSJ9
2026-05-28 11:28:27.125 MainThread udi_interface      INFO     __init__:<module>: Loading interface module
2026-05-28 11:28:27.171 MainThread udi_interface      INFO     interface:<module>: Loading MQTT module
2026-05-28 11:28:27.682 MainThread udi_interface      INFO     interface:<module>: MQTT module loaded
2026-05-28 11:28:27.916 MainThread udi_interface      INFO     __init__:<module>: Loading udi_interface module
2026-05-28 11:28:27.917 MainThread udi_interface      INFO     __init__:<module>: Loading node module
2026-05-28 11:28:27.917 MainThread udi_interface      INFO     __init__:<module>: Loading custom module
2026-05-28 11:28:27.917 MainThread udi_interface      INFO     __init__:<module>: Loading isy module
2026-05-28 11:28:27.917 MainThread udi_interface      INFO     __init__:<module>: Loading OAuth module
2026-05-28 11:28:27.918 MainThread udi_interface      INFO     __init__:<module>: UDI interface initialized
2026-05-28 11:28:27.918 MainThread udi_interface      INFO     __init__:<module>: UDI Python Interface for Polyglot version 3 3.3.16 Starting...
2026-05-28 11:28:27.924 MainThread udi_interface      ERROR    udi_interface:write: Traceback (most recent call last):
2026-05-28 11:28:27.925 MainThread udi_interface      ERROR    udi_interface:write: File "/usr/home/admin/UDI/udi-MonitorAlert/udi-MonitorAlert/udiMonitor.py", line 5, in <module>
2026-05-28 11:28:27.925 MainThread udi_interface      ERROR    udi_interface:write: from iox_subscriber import IoXEventSubscriber
2026-05-28 11:28:27.925 MainThread udi_interface      ERROR    udi_interface:write: File "/usr/home/admin/UDI/udi-MonitorAlert/udi-MonitorAlert/iox_subscriber.py", line 3, in <module>
2026-05-28 11:28:27.925 MainThread udi_interface      ERROR    udi_interface:write: import websocket
2026-05-28 11:28:27.925 MainThread udi_interface      ERROR    udi_interface:write: ModuleNotFoundError
2026-05-28 11:28:27.925 MainThread udi_interface      ERROR    udi_interface:write: :
2026-05-28 11:28:27.925 MainThread udi_interface      ERROR    udi_interface:write: No module named 'websocket'
2026-05-28 11:28:54.947 MainThread udi_interface      INFO     polylogger:set_basic_config: set_basic_config: enable=True level=30
2026-05-28 11:28:54.947 MainThread udi_interface      INFO     __init__:<module>: UDI interface initializing
2026-05-28 11:28:54.947 MainThread udi_interface      INFO     __init__:<module>: User=None
2026-05-28 11:28:54.947 MainThread udi_interface      INFO     __init__:<module>: Home=/home/admin
2026-05-28 11:28:54.947 MainThread udi_interface      INFO     __init__:<module>: Node Server Path=/usr/home/admin/UDI/udi-MonitorAlert/udi-MonitorAlert
2026-05-28 11:28:54.948 MainThread udi_interface      INFO     __init__:<module>: PG3INIT=eyJ1dWlkIjoiMDA6MjE6Yjk6MDI6NmQ6Y2QiLCJwcm9maWxlTnVtIjoxMSwibG9nTGV2ZWwiOiJJTkZPIiwidG9rZW4iOiIpTE0rSVBNNCZIKSlBaG1nIiwibXF0dEhvc3QiOiJsb2NhbGhvc3QiLCJtcXR0UG9ydCI6ODg4Mywic2VjdXJlIjoxLCJpc1BHM3giOnRydWUsInBnM1ZlcnNpb24iOiIzLjQuMTgiLCJpc3lWZXJzaW9uIjoiNi4wLjUiLCJlZGl0aW9uIjoiRnJlZSJ9
2026-05-28 11:28:54.948 MainThread udi_interface      INFO     __init__:<module>: Loading interface module
2026-05-28 11:28:54.990 MainThread udi_interface      INFO     interface:<module>: Loading MQTT module
2026-05-28 11:28:55.481 MainThread udi_interface      INFO     interface:<module>: MQTT module loaded
2026-05-28 11:28:55.699 MainThread udi_interface      INFO     __init__:<module>: Loading udi_interface module
2026-05-28 11:28:55.699 MainThread udi_interface      INFO     __init__:<module>: Loading node module
2026-05-28 11:28:55.699 MainThread udi_interface      INFO     __init__:<module>: Loading custom module
2026-05-28 11:28:55.700 MainThread udi_interface      INFO     __init__:<module>: Loading isy module
2026-05-28 11:28:55.700 MainThread udi_interface      INFO     __init__:<module>: Loading OAuth module
2026-05-28 11:28:55.700 MainThread udi_interface      INFO     __init__:<module>: UDI interface initialized
2026-05-28 11:28:55.700 MainThread udi_interface      INFO     __init__:<module>: UDI Python Interface for Polyglot version 3 3.3.16 Starting...
2026-05-28 11:28:55.704 MainThread udi_interface      ERROR    udi_interface:write: Traceback (most recent call last):
2026-05-28 11:28:55.704 MainThread udi_interface      ERROR    udi_interface:write: File "/usr/home/admin/UDI/udi-MonitorAlert/udi-MonitorAlert/udiMonitor.py", line 5, in <module>
2026-05-28 11:28:55.705 MainThread udi_interface      ERROR    udi_interface:write: from iox_subscriber import IoXEventSubscriber
2026-05-28 11:28:55.705 MainThread udi_interface      ERROR    udi_interface:write: File "/usr/home/admin/UDI/udi-MonitorAlert/udi-MonitorAlert/iox_subscriber.py", line 3, in <module>
2026-05-28 11:28:55.705 MainThread udi_interface      ERROR    udi_interface:write: import websocket
2026-05-28 11:28:55.705 MainThread udi_interface      ERROR    udi_interface:write: ModuleNotFoundError
2026-05-28 11:28:55.705 MainThread udi_interface      ERROR    udi_interface:write: :
2026-05-28 11:28:55.705 MainThread udi_interface      ERROR    udi_interface:write: No module named 'websocket'
2026-05-28 11:29:26.755 MainThread udi_interface      INFO     polylogger:set_basic_config: set_basic_config: enable=True level=30
2026-05-28 11:29:26.755 MainThread udi_interface      INFO     __init__:<module>: UDI interface initializing
2026-05-28 11:29:26.755 MainThread udi_interface      INFO     __init__:<module>: User=None
2026-05-28 11:29:26.756 MainThread udi_interface      INFO     __init__:<module>: Home=/home/admin
2026-05-28 11:29:26.756 MainThread udi_interface      INFO     __init__:<module>: Node Server Path=/usr/home/admin/UDI/udi-MonitorAlert/udi-MonitorAlert
2026-05-28 11:29:26.756 MainThread udi_interface      INFO     __init__:<module>: PG3INIT=eyJ1dWlkIjoiMDA6MjE6Yjk6MDI6NmQ6Y2QiLCJwcm9maWxlTnVtIjoxMSwibG9nTGV2ZWwiOiJJTkZPIiwidG9rZW4iOiIpTE0rSVBNNCZIKSlBaG1nIiwibXF0dEhvc3QiOiJsb2NhbGhvc3QiLCJtcXR0UG9ydCI6ODg4Mywic2VjdXJlIjoxLCJpc1BHM3giOnRydWUsInBnM1ZlcnNpb24iOiIzLjQuMTgiLCJpc3lWZXJzaW9uIjoiNi4wLjUiLCJlZGl0aW9uIjoiRnJlZSJ9
2026-05-28 11:29:26.756 MainThread udi_interface      INFO     __init__:<module>: Loading interface module
2026-05-28 11:29:26.798 MainThread udi_interface      INFO     interface:<module>: Loading MQTT module
2026-05-28 11:29:27.291 MainThread udi_interface      INFO     interface:<module>: MQTT module loaded
2026-05-28 11:29:27.509 MainThread udi_interface      INFO     __init__:<module>: Loading udi_interface module
2026-05-28 11:29:27.509 MainThread udi_interface      INFO     __init__:<module>: Loading node module
2026-05-28 11:29:27.509 MainThread udi_interface      INFO     __init__:<module>: Loading custom module
2026-05-28 11:29:27.509 MainThread udi_interface      INFO     __init__:<module>: Loading isy module
2026-05-28 11:29:27.509 MainThread udi_interface      INFO     __init__:<module>: Loading OAuth module
2026-05-28 11:29:27.510 MainThread udi_interface      INFO     __init__:<module>: UDI interface initialized
2026-05-28 11:29:27.510 MainThread udi_interface      INFO     __init__:<module>: UDI Python Interface for Polyglot version 3 3.3.16 Starting...
2026-05-28 11:29:27.514 MainThread udi_interface      ERROR    udi_interface:write: Traceback (most recent call last):
2026-05-28 11:29:27.514 MainThread udi_interface      ERROR    udi_interface:write: File "/usr/home/admin/UDI/udi-MonitorAlert/udi-MonitorAlert/udiMonitor.py", line 5, in <module>
2026-05-28 11:29:27.514 MainThread udi_interface      ERROR    udi_interface:write: from iox_subscriber import IoXEventSubscriber
2026-05-28 11:29:27.514 MainThread udi_interface      ERROR    udi_interface:write: File "/usr/home/admin/UDI/udi-MonitorAlert/udi-MonitorAlert/iox_subscriber.py", line 3, in <module>
2026-05-28 11:29:27.515 MainThread udi_interface      ERROR    udi_interface:write: import websocket
2026-05-28 11:29:27.515 MainThread udi_interface      ERROR    udi_interface:write: ModuleNotFoundError
2026-05-28 11:29:27.515 MainThread udi_interface      ERROR    udi_interface:write: :
2026-05-28 11:29:27.515 MainThread udi_interface      ERROR    udi_interface:write: No module named 'websocket'
2026-05-28 11:29:58.514 MainThread udi_interface      INFO     polylogger:set_basic_config: set_basic_config: enable=True level=30
2026-05-28 11:29:58.514 MainThread udi_interface      INFO     __init__:<module>: UDI interface initializing
2026-05-28 11:29:58.514 MainThread udi_interface      INFO     __init__:<module>: User=None
2026-05-28 11:29:58.514 MainThread udi_interface      INFO     __init__:<module>: Home=/home/admin
2026-05-28 11:29:58.514 MainThread udi_interface      INFO     __init__:<module>: Node Server Path=/usr/home/admin/UDI/udi-MonitorAlert/udi-MonitorAlert
2026-05-28 11:29:58.514 MainThread udi_interface      INFO     __init__:<module>: PG3INIT=eyJ1dWlkIjoiMDA6MjE6Yjk6MDI6NmQ6Y2QiLCJwcm9maWxlTnVtIjoxMSwibG9nTGV2ZWwiOiJJTkZPIiwidG9rZW4iOiIpTE0rSVBNNCZIKSlBaG1nIiwibXF0dEhvc3QiOiJsb2NhbGhvc3QiLCJtcXR0UG9ydCI6ODg4Mywic2VjdXJlIjoxLCJpc1BHM3giOnRydWUsInBnM1ZlcnNpb24iOiIzLjQuMTgiLCJpc3lWZXJzaW9uIjoiNi4wLjUiLCJlZGl0aW9uIjoiRnJlZSJ9
2026-05-28 11:29:58.515 MainThread udi_interface      INFO     __init__:<module>: Loading interface module
2026-05-28 11:29:58.557 MainThread udi_interface      INFO     interface:<module>: Loading MQTT module
2026-05-28 11:29:59.051 MainThread udi_interface      INFO     interface:<module>: MQTT module loaded
2026-05-28 11:29:59.270 MainThread udi_interface      INFO     __init__:<module>: Loading udi_interface module
2026-05-28 11:29:59.270 MainThread udi_interface      INFO     __init__:<module>: Loading node module
2026-05-28 11:29:59.270 MainThread udi_interface      INFO     __init__:<module>: Loading custom module
2026-05-28 11:29:59.270 MainThread udi_interface      INFO     __init__:<module>: Loading isy module
2026-05-28 11:29:59.270 MainThread udi_interface      INFO     __init__:<module>: Loading OAuth module
2026-05-28 11:29:59.271 MainThread udi_interface      INFO     __init__:<module>: UDI interface initialized
2026-05-28 11:29:59.271 MainThread udi_interface      INFO     __init__:<module>: UDI Python Interface for Polyglot version 3 3.3.16 Starting...
2026-05-28 11:29:59.275 MainThread udi_interface      ERROR    udi_interface:write: Traceback (most recent call last):
2026-05-28 11:29:59.275 MainThread udi_interface      ERROR    udi_interface:write: File "/usr/home/admin/UDI/udi-MonitorAlert/udi-MonitorAlert/udiMonitor.py", line 5, in <module>
2026-05-28 11:29:59.275 MainThread udi_interface      ERROR    udi_interface:write: from iox_subscriber import IoXEventSubscriber
2026-05-28 11:29:59.275 MainThread udi_interface      ERROR    udi_interface:write: File "/usr/home/admin/UDI/udi-MonitorAlert/udi-MonitorAlert/iox_subscriber.py", line 3, in <module>
2026-05-28 11:29:59.276 MainThread udi_interface      ERROR    udi_interface:write: import websocket
2026-05-28 11:29:59.276 MainThread udi_interface      ERROR    udi_interface:write: ModuleNotFoundError
2026-05-28 11:29:59.276 MainThread udi_interface      ERROR    udi_interface:write: :
2026-05-28 11:29:59.276 MainThread udi_interface      ERROR    udi_interface:write: No module named 'websocket'
2026-05-28 11:30:30.287 MainThread udi_interface      INFO     polylogger:set_basic_config: set_basic_config: enable=True level=30
2026-05-28 11:30:30.287 MainThread udi_interface      INFO     __init__:<module>: UDI interface initializing
2026-05-28 11:30:30.287 MainThread udi_interface      INFO     __init__:<module>: User=None
2026-05-28 11:30:30.288 MainThread udi_interface      INFO     __init__:<module>: Home=/home/admin
2026-05-28 11:30:30.288 MainThread udi_interface      INFO     __init__:<module>: Node Server Path=/usr/home/admin/UDI/udi-MonitorAlert/udi-MonitorAlert
2026-05-28 11:30:30.288 MainThread udi_interface      INFO     __init__:<module>: PG3INIT=eyJ1dWlkIjoiMDA6MjE6Yjk6MDI6NmQ6Y2QiLCJwcm9maWxlTnVtIjoxMSwibG9nTGV2ZWwiOiJJTkZPIiwidG9rZW4iOiIpTE0rSVBNNCZIKSlBaG1nIiwibXF0dEhvc3QiOiJsb2NhbGhvc3QiLCJtcXR0UG9ydCI6ODg4Mywic2VjdXJlIjoxLCJpc1BHM3giOnRydWUsInBnM1ZlcnNpb24iOiIzLjQuMTgiLCJpc3lWZXJzaW9uIjoiNi4wLjUiLCJlZGl0aW9uIjoiRnJlZSJ9
2026-05-28 11:30:30.288 MainThread udi_interface      INFO     __init__:<module>: Loading interface module
2026-05-28 11:30:30.331 MainThread udi_interface      INFO     interface:<module>: Loading MQTT module
2026-05-28 11:30:30.828 MainThread udi_interface      INFO     interface:<module>: MQTT module loaded
2026-05-28 11:30:31.047 MainThread udi_interface      INFO     __init__:<module>: Loading udi_interface module
2026-05-28 11:30:31.048 MainThread udi_interface      INFO     __init__:<module>: Loading node module
2026-05-28 11:30:31.048 MainThread udi_interface      INFO     __init__:<module>: Loading custom module
2026-05-28 11:30:31.048 MainThread udi_interface      INFO     __init__:<module>: Loading isy module
2026-05-28 11:30:31.048 MainThread udi_interface      INFO     __init__:<module>: Loading OAuth module
2026-05-28 11:30:31.048 MainThread udi_interface      INFO     __init__:<module>: UDI interface initialized
2026-05-28 11:30:31.048 MainThread udi_interface      INFO     __init__:<module>: UDI Python Interface for Polyglot version 3 3.3.16 Starting...
2026-05-28 11:30:31.053 MainThread udi_interface      ERROR    udi_interface:write: Traceback (most recent call last):
2026-05-28 11:30:31.053 MainThread udi_interface      ERROR    udi_interface:write: File "/usr/home/admin/UDI/udi-MonitorAlert/udi-MonitorAlert/udiMonitor.py", line 5, in <module>
2026-05-28 11:30:31.053 MainThread udi_interface      ERROR    udi_interface:write: from iox_subscriber import IoXEventSubscriber
2026-05-28 11:30:31.053 MainThread udi_interface      ERROR    udi_interface:write: File "/usr/home/admin/UDI/udi-MonitorAlert/udi-MonitorAlert/iox_subscriber.py", line 3, in <module>
2026-05-28 11:30:31.053 MainThread udi_interface      ERROR    udi_interface:write: import websocket
2026-05-28 11:30:31.053 MainThread udi_interface      ERROR    udi_interface:write: ModuleNotFoundError
2026-05-28 11:30:31.053 MainThread udi_interface      ERROR    udi_interface:write: :
2026-05-28 11:30:31.054 MainThread udi_interface      ERROR    udi_interface:write: No module named 'websocket'
2026-05-28 11:31:02.107 MainThread udi_interface      INFO     polylogger:set_basic_config: set_basic_config: enable=True level=30
2026-05-28 11:31:02.107 MainThread udi_interface      INFO     __init__:<module>: UDI interface initializing
2026-05-28 11:31:02.107 MainThread udi_interface      INFO     __init__:<module>: User=None
2026-05-28 11:31:02.107 MainThread udi_interface      INFO     __init__:<module>: Home=/home/admin
2026-05-28 11:31:02.108 MainThread udi_interface      INFO     __init__:<module>: Node Server Path=/usr/home/admin/UDI/udi-MonitorAlert/udi-MonitorAlert
2026-05-28 11:31:02.108 MainThread udi_interface      INFO     __init__:<module>: PG3INIT=eyJ1dWlkIjoiMDA6MjE6Yjk6MDI6NmQ6Y2QiLCJwcm9maWxlTnVtIjoxMSwibG9nTGV2ZWwiOiJJTkZPIiwidG9rZW4iOiIpTE0rSVBNNCZIKSlBaG1nIiwibXF0dEhvc3QiOiJsb2NhbGhvc3QiLCJtcXR0UG9ydCI6ODg4Mywic2VjdXJlIjoxLCJpc1BHM3giOnRydWUsInBnM1ZlcnNpb24iOiIzLjQuMTgiLCJpc3lWZXJzaW9uIjoiNi4wLjUiLCJlZGl0aW9uIjoiRnJlZSJ9
2026-05-28 11:31:02.108 MainThread udi_interface      INFO     __init__:<module>: Loading interface module
2026-05-28 11:31:02.150 MainThread udi_interface      INFO     interface:<module>: Loading MQTT module
2026-05-28 11:31:02.644 MainThread udi_interface      INFO     interface:<module>: MQTT module loaded
2026-05-28 11:31:02.862 MainThread udi_interface      INFO     __init__:<module>: Loading udi_interface module
2026-05-28 11:31:02.863 MainThread udi_interface      INFO     __init__:<module>: Loading node module
2026-05-28 11:31:02.863 MainThread udi_interface      INFO     __init__:<module>: Loading custom module
2026-05-28 11:31:02.863 MainThread udi_interface      INFO     __init__:<module>: Loading isy module
2026-05-28 11:31:02.863 MainThread udi_interface      INFO     __init__:<module>: Loading OAuth module
2026-05-28 11:31:02.863 MainThread udi_interface      INFO     __init__:<module>: UDI interface initialized
2026-05-28 11:31:02.863 MainThread udi_interface      INFO     __init__:<module>: UDI Python Interface for Polyglot version 3 3.3.16 Starting...
2026-05-28 11:31:02.867 MainThread udi_interface      ERROR    udi_interface:write: Traceback (most recent call last):
2026-05-28 11:31:02.867 MainThread udi_interface      ERROR    udi_interface:write: File "/usr/home/admin/UDI/udi-MonitorAlert/udi-MonitorAlert/udiMonitor.py", line 5, in <module>
2026-05-28 11:31:02.868 MainThread udi_interface      ERROR    udi_interface:write: from iox_subscriber import IoXEventSubscriber
2026-05-28 11:31:02.868 MainThread udi_interface      ERROR    udi_interface:write: File "/usr/home/admin/UDI/udi-MonitorAlert/udi-MonitorAlert/iox_subscriber.py", line 3, in <module>
2026-05-28 11:31:02.868 MainThread udi_interface      ERROR    udi_interface:write: import websocket
2026-05-28 11:31:02.868 MainThread udi_interface      ERROR    udi_interface:write: ModuleNotFoundError
2026-05-28 11:31:02.868 MainThread udi_interface      ERROR    udi_interface:write: :
2026-05-28 11:31:02.868 MainThread udi_interface      ERROR    udi_interface:write: No module named 'websocket'
2026-05-28 11:31:33.921 MainThread udi_interface      INFO     polylogger:set_basic_config: set_basic_config: enable=True level=30
2026-05-28 11:31:33.921 MainThread udi_interface      INFO     __init__:<module>: UDI interface initializing
2026-05-28 11:31:33.921 MainThread udi_interface      INFO     __init__:<module>: User=None
2026-05-28 11:31:33.921 MainThread udi_interface      INFO     __init__:<module>: Home=/home/admin
2026-05-28 11:31:33.921 MainThread udi_interface      INFO     __init__:<module>: Node Server Path=/usr/home/admin/UDI/udi-MonitorAlert/udi-MonitorAlert
2026-05-28 11:31:33.921 MainThread udi_interface      INFO     __init__:<module>: PG3INIT=eyJ1dWlkIjoiMDA6MjE6Yjk6MDI6NmQ6Y2QiLCJwcm9maWxlTnVtIjoxMSwibG9nTGV2ZWwiOiJJTkZPIiwidG9rZW4iOiIpTE0rSVBNNCZIKSlBaG1nIiwibXF0dEhvc3QiOiJsb2NhbGhvc3QiLCJtcXR0UG9ydCI6ODg4Mywic2VjdXJlIjoxLCJpc1BHM3giOnRydWUsInBnM1ZlcnNpb24iOiIzLjQuMTgiLCJpc3lWZXJzaW9uIjoiNi4wLjUiLCJlZGl0aW9uIjoiRnJlZSJ9
2026-05-28 11:31:33.921 MainThread udi_interface      INFO     __init__:<module>: Loading interface module
2026-05-28 11:31:33.964 MainThread udi_interface      INFO     interface:<module>: Loading MQTT module
2026-05-28 11:31:34.460 MainThread udi_interface      INFO     interface:<module>: MQTT module loaded
2026-05-28 11:31:34.680 MainThread udi_interface      INFO     __init__:<module>: Loading udi_interface module
2026-05-28 11:31:34.680 MainThread udi_interface      INFO     __init__:<module>: Loading node module
2026-05-28 11:31:34.680 MainThread udi_interface      INFO     __init__:<module>: Loading custom module
2026-05-28 11:31:34.680 MainThread udi_interface      INFO     __init__:<module>: Loading isy module
2026-05-28 11:31:34.680 MainThread udi_interface      INFO     __init__:<module>: Loading OAuth module
2026-05-28 11:31:34.681 MainThread udi_interface      INFO     __init__:<module>: UDI interface initialized
2026-05-28 11:31:34.681 MainThread udi_interface      INFO     __init__:<module>: UDI Python Interface for Polyglot version 3 3.3.16 Starting...
2026-05-28 11:31:34.685 MainThread udi_interface      ERROR    udi_interface:write: Traceback (most recent call last):
2026-05-28 11:31:34.685 MainThread udi_interface      ERROR    udi_interface:write: File "/usr/home/admin/UDI/udi-MonitorAlert/udi-MonitorAlert/udiMonitor.py", line 5, in <module>
2026-05-28 11:31:34.685 MainThread udi_interface      ERROR    udi_interface:write: from iox_subscriber import IoXEventSubscriber
2026-05-28 11:31:34.685 MainThread udi_interface      ERROR    udi_interface:write: File "/usr/home/admin/UDI/udi-MonitorAlert/udi-MonitorAlert/iox_subscriber.py", line 3, in <module>
2026-05-28 11:31:34.685 MainThread udi_interface      ERROR    udi_interface:write: import websocket
2026-05-28 11:31:34.686 MainThread udi_interface      ERROR    udi_interface:write: ModuleNotFoundError
2026-05-28 11:31:34.686 MainThread udi_interface      ERROR    udi_interface:write: :
2026-05-28 11:31:34.686 MainThread udi_interface      ERROR    udi_interface:write: No module named 'websocket'
2026-05-28 11:32:05.697 MainThread udi_interface      INFO     polylogger:set_basic_config: set_basic_config: enable=True level=30
2026-05-28 11:32:05.697 MainThread udi_interface      INFO     __init__:<module>: UDI interface initializing
2026-05-28 11:32:05.697 MainThread udi_interface      INFO     __init__:<module>: User=None
2026-05-28 11:32:05.697 MainThread udi_interface      INFO     __init__:<module>: Home=/home/admin
2026-05-28 11:32:05.697 MainThread udi_interface      INFO     __init__:<module>: Node Server Path=/usr/home/admin/UDI/udi-MonitorAlert/udi-MonitorAlert
2026-05-28 11:32:05.698 MainThread udi_interface      INFO     __init__:<module>: PG3INIT=eyJ1dWlkIjoiMDA6MjE6Yjk6MDI6NmQ6Y2QiLCJwcm9maWxlTnVtIjoxMSwibG9nTGV2ZWwiOiJJTkZPIiwidG9rZW4iOiIpTE0rSVBNNCZIKSlBaG1nIiwibXF0dEhvc3QiOiJsb2NhbGhvc3QiLCJtcXR0UG9ydCI6ODg4Mywic2VjdXJlIjoxLCJpc1BHM3giOnRydWUsInBnM1ZlcnNpb24iOiIzLjQuMTgiLCJpc3lWZXJzaW9uIjoiNi4wLjUiLCJlZGl0aW9uIjoiRnJlZSJ9
2026-05-28 11:32:05.698 MainThread udi_interface      INFO     __init__:<module>: Loading interface module
2026-05-28 11:32:05.740 MainThread udi_interface      INFO     interface:<module>: Loading MQTT module
2026-05-28 11:32:06.234 MainThread udi_interface      INFO     interface:<module>: MQTT module loaded
2026-05-28 11:32:06.455 MainThread udi_interface      INFO     __init__:<module>: Loading udi_interface module
2026-05-28 11:32:06.455 MainThread udi_interface      INFO     __init__:<module>: Loading node module
2026-05-28 11:32:06.455 MainThread udi_interface      INFO     __init__:<module>: Loading custom module
2026-05-28 11:32:06.455 MainThread udi_interface      INFO     __init__:<module>: Loading isy module
2026-05-28 11:32:06.455 MainThread udi_interface      INFO     __init__:<module>: Loading OAuth module
2026-05-28 11:32:06.456 MainThread udi_interface      INFO     __init__:<module>: UDI interface initialized
2026-05-28 11:32:06.456 MainThread udi_interface      INFO     __init__:<module>: UDI Python Interface for Polyglot version 3 3.3.16 Starting...
2026-05-28 11:32:06.460 MainThread udi_interface      ERROR    udi_interface:write: Traceback (most recent call last):
2026-05-28 11:32:06.460 MainThread udi_interface      ERROR    udi_interface:write: File "/usr/home/admin/UDI/udi-MonitorAlert/udi-MonitorAlert/udiMonitor.py", line 5, in <module>
2026-05-28 11:32:06.461 MainThread udi_interface      ERROR    udi_interface:write: from iox_subscriber import IoXEventSubscriber
2026-05-28 11:32:06.461 MainThread udi_interface      ERROR    udi_interface:write: File "/usr/home/admin/UDI/udi-MonitorAlert/udi-MonitorAlert/iox_subscriber.py", line 3, in <module>
2026-05-28 11:32:06.461 MainThread udi_interface      ERROR    udi_interface:write: import websocket
2026-05-28 11:32:06.461 MainThread udi_interface      ERROR    udi_interface:write: ModuleNotFoundError
2026-05-28 11:32:06.461 MainThread udi_interface      ERROR    udi_interface:write: :
2026-05-28 11:32:06.461 MainThread udi_interface      ERROR    udi_interface:write: No module named 'websocket'
2026-05-28 11:32:17.701 MainThread udi_interface      INFO     polylogger:set_basic_config: set_basic_config: enable=True level=30
2026-05-28 11:32:17.702 MainThread udi_interface      INFO     __init__:<module>: UDI interface initializing
2026-05-28 11:32:17.702 MainThread udi_interface      INFO     __init__:<module>: User=None
2026-05-28 11:32:17.702 MainThread udi_interface      INFO     __init__:<module>: Home=/home/admin
2026-05-28 11:32:17.702 MainThread udi_interface      INFO     __init__:<module>: Node Server Path=/usr/home/admin/UDI/udi-MonitorAlert/udi-MonitorAlert
2026-05-28 11:32:17.702 MainThread udi_interface      INFO     __init__:<module>: PG3INIT=eyJ1dWlkIjoiMDA6MjE6Yjk6MDI6NmQ6Y2QiLCJwcm9maWxlTnVtIjoxMSwibG9nTGV2ZWwiOiJJTkZPIiwidG9rZW4iOiIpTE0rSVBNNCZIKSlBaG1nIiwibXF0dEhvc3QiOiJsb2NhbGhvc3QiLCJtcXR0UG9ydCI6ODg4Mywic2VjdXJlIjoxLCJpc1BHM3giOnRydWUsInBnM1ZlcnNpb24iOiIzLjQuMTgiLCJpc3lWZXJzaW9uIjoiNi4wLjUiLCJlZGl0aW9uIjoiRnJlZSJ9
2026-05-28 11:32:17.702 MainThread udi_interface      INFO     __init__:<module>: Loading interface module
2026-05-28 11:32:17.744 MainThread udi_interface      INFO     interface:<module>: Loading MQTT module
2026-05-28 11:32:18.243 MainThread udi_interface      INFO     interface:<module>: MQTT module loaded
2026-05-28 11:32:18.461 MainThread udi_interface      INFO     __init__:<module>: Loading udi_interface module
2026-05-28 11:32:18.462 MainThread udi_interface      INFO     __init__:<module>: Loading node module
2026-05-28 11:32:18.462 MainThread udi_interface      INFO     __init__:<module>: Loading custom module
2026-05-28 11:32:18.462 MainThread udi_interface      INFO     __init__:<module>: Loading isy module
2026-05-28 11:32:18.462 MainThread udi_interface      INFO     __init__:<module>: Loading OAuth module
2026-05-28 11:32:18.462 MainThread udi_interface      INFO     __init__:<module>: UDI interface initialized
2026-05-28 11:32:18.462 MainThread udi_interface      INFO     __init__:<module>: UDI Python Interface for Polyglot version 3 3.3.16 Starting...
2026-05-28 11:32:18.466 MainThread udi_interface      ERROR    udi_interface:write: Traceback (most recent call last):
2026-05-28 11:32:18.467 MainThread udi_interface      ERROR    udi_interface:write: File "/usr/home/admin/UDI/udi-MonitorAlert/udi-MonitorAlert/udiMonitor.py", line 5, in <module>
2026-05-28 11:32:18.467 MainThread udi_interface      ERROR    udi_interface:write: from iox_subscriber import IoXEventSubscriber
2026-05-28 11:32:18.467 MainThread udi_interface      ERROR    udi_interface:write: File "/usr/home/admin/UDI/udi-MonitorAlert/udi-MonitorAlert/iox_subscriber.py", line 3, in <module>
2026-05-28 11:32:18.467 MainThread udi_interface      ERROR    udi_interface:write: import websocket
2026-05-28 11:32:18.467 MainThread udi_interface      ERROR    udi_interface:write: ModuleNotFoundError
2026-05-28 11:32:18.467 MainThread udi_interface      ERROR    udi_interface:write: :
2026-05-28 11:32:18.467 MainThread udi_interface      ERROR    udi_interface:write: No module named 'websocket'
2026-05-28 11:32:48.096 MainThread udi_interface      INFO     polylogger:set_basic_config: set_basic_config: enable=True level=30
2026-05-28 11:32:48.097 MainThread udi_interface      INFO     __init__:<module>: UDI interface initializing
2026-05-28 11:32:48.097 MainThread udi_interface      INFO     __init__:<module>: User=None
2026-05-28 11:32:48.097 MainThread udi_interface      INFO     __init__:<module>: Home=/home/admin
2026-05-28 11:32:48.097 MainThread udi_interface      INFO     __init__:<module>: Node Server Path=/usr/home/admin/UDI/udi-MonitorAlert/udi-MonitorAlert
2026-05-28 11:32:48.097 MainThread udi_interface      INFO     __init__:<module>: PG3INIT=eyJ1dWlkIjoiMDA6MjE6Yjk6MDI6NmQ6Y2QiLCJwcm9maWxlTnVtIjoxMSwibG9nTGV2ZWwiOiJJTkZPIiwidG9rZW4iOiIpTE0rSVBNNCZIKSlBaG1nIiwibXF0dEhvc3QiOiJsb2NhbGhvc3QiLCJtcXR0UG9ydCI6ODg4Mywic2VjdXJlIjoxLCJpc1BHM3giOnRydWUsInBnM1ZlcnNpb24iOiIzLjQuMTgiLCJpc3lWZXJzaW9uIjoiNi4wLjUiLCJlZGl0aW9uIjoiRnJlZSJ9
2026-05-28 11:32:48.097 MainThread udi_interface      INFO     __init__:<module>: Loading interface module
2026-05-28 11:32:48.138 MainThread udi_interface      INFO     interface:<module>: Loading MQTT module
2026-05-28 11:32:48.617 MainThread udi_interface      INFO     interface:<module>: MQTT module loaded
2026-05-28 11:32:48.834 MainThread udi_interface      INFO     __init__:<module>: Loading udi_interface module
2026-05-28 11:32:48.834 MainThread udi_interface      INFO     __init__:<module>: Loading node module
2026-05-28 11:32:48.834 MainThread udi_interface      INFO     __init__:<module>: Loading custom module
2026-05-28 11:32:48.835 MainThread udi_interface      INFO     __init__:<module>: Loading isy module
2026-05-28 11:32:48.835 MainThread udi_interface      INFO     __init__:<module>: Loading OAuth module
2026-05-28 11:32:48.835 MainThread udi_interface      INFO     __init__:<module>: UDI interface initialized
2026-05-28 11:32:48.835 MainThread udi_interface      INFO     __init__:<module>: UDI Python Interface for Polyglot version 3 3.3.16 Starting...
2026-05-28 11:32:48.839 MainThread udi_interface      ERROR    udi_interface:write: Traceback (most recent call last):
2026-05-28 11:32:48.840 MainThread udi_interface      ERROR    udi_interface:write: File "/usr/home/admin/UDI/udi-MonitorAlert/udi-MonitorAlert/udiMonitor.py", line 5, in <module>
2026-05-28 11:32:48.840 MainThread udi_interface      ERROR    udi_interface:write: from iox_subscriber import IoXEventSubscriber
2026-05-28 11:32:48.840 MainThread udi_interface      ERROR    udi_interface:write: File "/usr/home/admin/UDI/udi-MonitorAlert/udi-MonitorAlert/iox_subscriber.py", line 3, in <module>
2026-05-28 11:32:48.840 MainThread udi_interface      ERROR    udi_interface:write: import websocket
2026-05-28 11:32:48.840 MainThread udi_interface      ERROR    udi_interface:write: ModuleNotFoundError
2026-05-28 11:32:48.840 MainThread udi_interface      ERROR    udi_interface:write: :
2026-05-28 11:32:48.840 MainThread udi_interface      ERROR    udi_interface:write: No module named 'websocket'
2026-05-28 11:33:19.847 MainThread udi_interface      INFO     polylogger:set_basic_config: set_basic_config: enable=True level=30
2026-05-28 11:33:19.848 MainThread udi_interface      INFO     __init__:<module>: UDI interface initializing
2026-05-28 11:33:19.848 MainThread udi_interface      INFO     __init__:<module>: User=None
2026-05-28 11:33:19.848 MainThread udi_interface      INFO     __init__:<module>: Home=/home/admin
2026-05-28 11:33:19.848 MainThread udi_interface      INFO     __init__:<module>: Node Server Path=/usr/home/admin/UDI/udi-MonitorAlert/udi-MonitorAlert
2026-05-28 11:33:19.848 MainThread udi_interface      INFO     __init__:<module>: PG3INIT=eyJ1dWlkIjoiMDA6MjE6Yjk6MDI6NmQ6Y2QiLCJwcm9maWxlTnVtIjoxMSwibG9nTGV2ZWwiOiJJTkZPIiwidG9rZW4iOiIpTE0rSVBNNCZIKSlBaG1nIiwibXF0dEhvc3QiOiJsb2NhbGhvc3QiLCJtcXR0UG9ydCI6ODg4Mywic2VjdXJlIjoxLCJpc1BHM3giOnRydWUsInBnM1ZlcnNpb24iOiIzLjQuMTgiLCJpc3lWZXJzaW9uIjoiNi4wLjUiLCJlZGl0aW9uIjoiRnJlZSJ9
2026-05-28 11:33:19.848 MainThread udi_interface      INFO     __init__:<module>: Loading interface module
2026-05-28 11:33:19.891 MainThread udi_interface      INFO     interface:<module>: Loading MQTT module
2026-05-28 11:33:20.384 MainThread udi_interface      INFO     interface:<module>: MQTT module loaded
2026-05-28 11:33:20.603 MainThread udi_interface      INFO     __init__:<module>: Loading udi_interface module
2026-05-28 11:33:20.604 MainThread udi_interface      INFO     __init__:<module>: Loading node module
2026-05-28 11:33:20.604 MainThread udi_interface      INFO     __init__:<module>: Loading custom module
2026-05-28 11:33:20.604 MainThread udi_interface      INFO     __init__:<module>: Loading isy module
2026-05-28 11:33:20.604 MainThread udi_interface      INFO     __init__:<module>: Loading OAuth module
2026-05-28 11:33:20.605 MainThread udi_interface      INFO     __init__:<module>: UDI interface initialized
2026-05-28 11:33:20.605 MainThread udi_interface      INFO     __init__:<module>: UDI Python Interface for Polyglot version 3 3.3.16 Starting...
2026-05-28 11:33:20.609 MainThread udi_interface      ERROR    udi_interface:write: Traceback (most recent call last):
2026-05-28 11:33:20.610 MainThread udi_interface      ERROR    udi_interface:write: File "/usr/home/admin/UDI/udi-MonitorAlert/udi-MonitorAlert/udiMonitor.py", line 5, in <module>
2026-05-28 11:33:20.610 MainThread udi_interface      ERROR    udi_interface:write: from iox_subscriber import IoXEventSubscriber
2026-05-28 11:33:20.610 MainThread udi_interface      ERROR    udi_interface:write: File "/usr/home/admin/UDI/udi-MonitorAlert/udi-MonitorAlert/iox_subscriber.py", line 3, in <module>
2026-05-28 11:33:20.610 MainThread udi_interface      ERROR    udi_interface:write: import websocket
2026-05-28 11:33:20.610 MainThread udi_interface      ERROR    udi_interface:write: ModuleNotFoundError
2026-05-28 11:33:20.611 MainThread udi_interface      ERROR    udi_interface:write: :
2026-05-28 11:33:20.611 MainThread udi_interface      ERROR    udi_interface:write: No module named 'websocket'
2026-05-28 11:33:51.771 MainThread udi_interface      INFO     polylogger:set_basic_config: set_basic_config: enable=True level=30
2026-05-28 11:33:51.772 MainThread udi_interface      INFO     __init__:<module>: UDI interface initializing
2026-05-28 11:33:51.772 MainThread udi_interface      INFO     __init__:<module>: User=None
2026-05-28 11:33:51.772 MainThread udi_interface      INFO     __init__:<module>: Home=/home/admin
2026-05-28 11:33:51.772 MainThread udi_interface      INFO     __init__:<module>: Node Server Path=/usr/home/admin/UDI/udi-MonitorAlert/udi-MonitorAlert
2026-05-28 11:33:51.772 MainThread udi_interface      INFO     __init__:<module>: PG3INIT=eyJ1dWlkIjoiMDA6MjE6Yjk6MDI6NmQ6Y2QiLCJwcm9maWxlTnVtIjoxMSwibG9nTGV2ZWwiOiJJTkZPIiwidG9rZW4iOiIpTE0rSVBNNCZIKSlBaG1nIiwibXF0dEhvc3QiOiJsb2NhbGhvc3QiLCJtcXR0UG9ydCI6ODg4Mywic2VjdXJlIjoxLCJpc1BHM3giOnRydWUsInBnM1ZlcnNpb24iOiIzLjQuMTgiLCJpc3lWZXJzaW9uIjoiNi4wLjUiLCJlZGl0aW9uIjoiRnJlZSJ9
2026-05-28 11:33:51.772 MainThread udi_interface      INFO     __init__:<module>: Loading interface module
2026-05-28 11:33:51.815 MainThread udi_interface      INFO     interface:<module>: Loading MQTT module
2026-05-28 11:33:52.309 MainThread udi_interface      INFO     interface:<module>: MQTT module loaded
2026-05-28 11:33:52.528 MainThread udi_interface      INFO     __init__:<module>: Loading udi_interface module
2026-05-28 11:33:52.529 MainThread udi_interface      INFO     __init__:<module>: Loading node module
2026-05-28 11:33:52.529 MainThread udi_interface      INFO     __init__:<module>: Loading custom module
2026-05-28 11:33:52.529 MainThread udi_interface      INFO     __init__:<module>: Loading isy module
2026-05-28 11:33:52.529 MainThread udi_interface      INFO     __init__:<module>: Loading OAuth module
2026-05-28 11:33:52.530 MainThread udi_interface      INFO     __init__:<module>: UDI interface initialized
2026-05-28 11:33:52.530 MainThread udi_interface      INFO     __init__:<module>: UDI Python Interface for Polyglot version 3 3.3.16 Starting...
2026-05-28 11:33:52.534 MainThread udi_interface      ERROR    udi_interface:write: Traceback (most recent call last):
2026-05-28 11:33:52.534 MainThread udi_interface      ERROR    udi_interface:write: File "/usr/home/admin/UDI/udi-MonitorAlert/udi-MonitorAlert/udiMonitor.py", line 5, in <module>
2026-05-28 11:33:52.535 MainThread udi_interface      ERROR    udi_interface:write: from iox_subscriber import IoXEventSubscriber
2026-05-28 11:33:52.535 MainThread udi_interface      ERROR    udi_interface:write: File "/usr/home/admin/UDI/udi-MonitorAlert/udi-MonitorAlert/iox_subscriber.py", line 3, in <module>
2026-05-28 11:33:52.535 MainThread udi_interface      ERROR    udi_interface:write: import websocket
2026-05-28 11:33:52.535 MainThread udi_interface      ERROR    udi_interface:write: ModuleNotFoundError
2026-05-28 11:33:52.535 MainThread udi_interface      ERROR    udi_interface:write: :
2026-05-28 11:33:52.535 MainThread udi_interface      ERROR    udi_interface:write: No module named 'websocket'
2026-05-28 11:34:23.534 MainThread udi_interface      INFO     polylogger:set_basic_config: set_basic_config: enable=True level=30
2026-05-28 11:34:23.534 MainThread udi_interface      INFO     __init__:<module>: UDI interface initializing
2026-05-28 11:34:23.534 MainThread udi_interface      INFO     __init__:<module>: User=None
2026-05-28 11:34:23.534 MainThread udi_interface      INFO     __init__:<module>: Home=/home/admin
2026-05-28 11:34:23.535 MainThread udi_interface      INFO     __init__:<module>: Node Server Path=/usr/home/admin/UDI/udi-MonitorAlert/udi-MonitorAlert
2026-05-28 11:34:23.535 MainThread udi_interface      INFO     __init__:<module>: PG3INIT=eyJ1dWlkIjoiMDA6MjE6Yjk6MDI6NmQ6Y2QiLCJwcm9maWxlTnVtIjoxMSwibG9nTGV2ZWwiOiJJTkZPIiwidG9rZW4iOiIpTE0rSVBNNCZIKSlBaG1nIiwibXF0dEhvc3QiOiJsb2NhbGhvc3QiLCJtcXR0UG9ydCI6ODg4Mywic2VjdXJlIjoxLCJpc1BHM3giOnRydWUsInBnM1ZlcnNpb24iOiIzLjQuMTgiLCJpc3lWZXJzaW9uIjoiNi4wLjUiLCJlZGl0aW9uIjoiRnJlZSJ9
2026-05-28 11:34:23.535 MainThread udi_interface      INFO     __init__:<module>: Loading interface module
2026-05-28 11:34:23.577 MainThread udi_interface      INFO     interface:<module>: Loading MQTT module
2026-05-28 11:34:24.074 MainThread udi_interface      INFO     interface:<module>: MQTT module loaded
2026-05-28 11:34:24.300 MainThread udi_interface      INFO     __init__:<module>: Loading udi_interface module
2026-05-28 11:34:24.301 MainThread udi_interface      INFO     __init__:<module>: Loading node module
2026-05-28 11:34:24.301 MainThread udi_interface      INFO     __init__:<module>: Loading custom module
2026-05-28 11:34:24.301 MainThread udi_interface      INFO     __init__:<module>: Loading isy module
2026-05-28 11:34:24.301 MainThread udi_interface      INFO     __init__:<module>: Loading OAuth module
2026-05-28 11:34:24.302 MainThread udi_interface      INFO     __init__:<module>: UDI interface initialized
2026-05-28 11:34:24.302 MainThread udi_interface      INFO     __init__:<module>: UDI Python Interface for Polyglot version 3 3.3.16 Starting...
2026-05-28 11:34:24.306 MainThread udi_interface      ERROR    udi_interface:write: Traceback (most recent call last):
2026-05-28 11:34:24.306 MainThread udi_interface      ERROR    udi_interface:write: File "/usr/home/admin/UDI/udi-MonitorAlert/udi-MonitorAlert/udiMonitor.py", line 5, in <module>
2026-05-28 11:34:24.307 MainThread udi_interface      ERROR    udi_interface:write: from iox_subscriber import IoXEventSubscriber
2026-05-28 11:34:24.307 MainThread udi_interface      ERROR    udi_interface:write: File "/usr/home/admin/UDI/udi-MonitorAlert/udi-MonitorAlert/iox_subscriber.py", line 3, in <module>
2026-05-28 11:34:24.307 MainThread udi_interface      ERROR    udi_interface:write: import websocket
2026-05-28 11:34:24.307 MainThread udi_interface      ERROR    udi_interface:write: ModuleNotFoundError
2026-05-28 11:34:24.307 MainThread udi_interface      ERROR    udi_interface:write: :
2026-05-28 11:34:24.307 MainThread udi_interface      ERROR    udi_interface:write: No module named 'websocket'
2026-05-28 11:34:55.278 MainThread udi_interface      INFO     polylogger:set_basic_config: set_basic_config: enable=True level=30
2026-05-28 11:34:55.278 MainThread udi_interface      INFO     __init__:<module>: UDI interface initializing
2026-05-28 11:34:55.278 MainThread udi_interface      INFO     __init__:<module>: User=None
2026-05-28 11:34:55.278 MainThread udi_interface      INFO     __init__:<module>: Home=/home/admin
2026-05-28 11:34:55.278 MainThread udi_interface      INFO     __init__:<module>: Node Server Path=/usr/home/admin/UDI/udi-MonitorAlert/udi-MonitorAlert
2026-05-28 11:34:55.278 MainThread udi_interface      INFO     __init__:<module>: PG3INIT=eyJ1dWlkIjoiMDA6MjE6Yjk6MDI6NmQ6Y2QiLCJwcm9maWxlTnVtIjoxMSwibG9nTGV2ZWwiOiJJTkZPIiwidG9rZW4iOiIpTE0rSVBNNCZIKSlBaG1nIiwibXF0dEhvc3QiOiJsb2NhbGhvc3QiLCJtcXR0UG9ydCI6ODg4Mywic2VjdXJlIjoxLCJpc1BHM3giOnRydWUsInBnM1ZlcnNpb24iOiIzLjQuMTgiLCJpc3lWZXJzaW9uIjoiNi4wLjUiLCJlZGl0aW9uIjoiRnJlZSJ9
2026-05-28 11:34:55.279 MainThread udi_interface      INFO     __init__:<module>: Loading interface module
2026-05-28 11:34:55.322 MainThread udi_interface      INFO     interface:<module>: Loading MQTT module
2026-05-28 11:34:55.818 MainThread udi_interface      INFO     interface:<module>: MQTT module loaded
2026-05-28 11:34:56.044 MainThread udi_interface      INFO     __init__:<module>: Loading udi_interface module
2026-05-28 11:34:56.044 MainThread udi_interface      INFO     __init__:<module>: Loading node module
2026-05-28 11:34:56.045 MainThread udi_interface      INFO     __init__:<module>: Loading custom module
2026-05-28 11:34:56.045 MainThread udi_interface      INFO     __init__:<module>: Loading isy module
2026-05-28 11:34:56.045 MainThread udi_interface      INFO     __init__:<module>: Loading OAuth module
2026-05-28 11:34:56.045 MainThread udi_interface      INFO     __init__:<module>: UDI interface initialized
2026-05-28 11:34:56.045 MainThread udi_interface      INFO     __init__:<module>: UDI Python Interface for Polyglot version 3 3.3.16 Starting...
2026-05-28 11:34:56.050 MainThread udi_interface      ERROR    udi_interface:write: Traceback (most recent call last):
2026-05-28 11:34:56.050 MainThread udi_interface      ERROR    udi_interface:write: File "/usr/home/admin/UDI/udi-MonitorAlert/udi-MonitorAlert/udiMonitor.py", line 5, in <module>
2026-05-28 11:34:56.050 MainThread udi_interface      ERROR    udi_interface:write: from iox_subscriber import IoXEventSubscriber
2026-05-28 11:34:56.051 MainThread udi_interface      ERROR    udi_interface:write: File "/usr/home/admin/UDI/udi-MonitorAlert/udi-MonitorAlert/iox_subscriber.py", line 3, in <module>
2026-05-28 11:34:56.051 MainThread udi_interface      ERROR    udi_interface:write: import websocket
2026-05-28 11:34:56.051 MainThread udi_interface      ERROR    udi_interface:write: ModuleNotFoundError
2026-05-28 11:34:56.051 MainThread udi_interface      ERROR    udi_interface:write: :
2026-05-28 11:34:56.051 MainThread udi_interface      ERROR    udi_interface:write: No module named 'websocket'
2026-05-28 11:35:27.063 MainThread udi_interface      INFO     polylogger:set_basic_config: set_basic_config: enable=True level=30
2026-05-28 11:35:27.063 MainThread udi_interface      INFO     __init__:<module>: UDI interface initializing
2026-05-28 11:35:27.063 MainThread udi_interface      INFO     __init__:<module>: User=None
2026-05-28 11:35:27.064 MainThread udi_interface      INFO     __init__:<module>: Home=/home/admin
2026-05-28 11:35:27.064 MainThread udi_interface      INFO     __init__:<module>: Node Server Path=/usr/home/admin/UDI/udi-MonitorAlert/udi-MonitorAlert
2026-05-28 11:35:27.064 MainThread udi_interface      INFO     __init__:<module>: PG3INIT=eyJ1dWlkIjoiMDA6MjE6Yjk6MDI6NmQ6Y2QiLCJwcm9maWxlTnVtIjoxMSwibG9nTGV2ZWwiOiJJTkZPIiwidG9rZW4iOiIpTE0rSVBNNCZIKSlBaG1nIiwibXF0dEhvc3QiOiJsb2NhbGhvc3QiLCJtcXR0UG9ydCI6ODg4Mywic2VjdXJlIjoxLCJpc1BHM3giOnRydWUsInBnM1ZlcnNpb24iOiIzLjQuMTgiLCJpc3lWZXJzaW9uIjoiNi4wLjUiLCJlZGl0aW9uIjoiRnJlZSJ9
2026-05-28 11:35:27.064 MainThread udi_interface      INFO     __init__:<module>: Loading interface module
2026-05-28 11:35:27.106 MainThread udi_interface      INFO     interface:<module>: Loading MQTT module
2026-05-28 11:35:27.596 MainThread udi_interface      INFO     interface:<module>: MQTT module loaded
2026-05-28 11:35:27.815 MainThread udi_interface      INFO     __init__:<module>: Loading udi_interface module
2026-05-28 11:35:27.815 MainThread udi_interface      INFO     __init__:<module>: Loading node module
2026-05-28 11:35:27.815 MainThread udi_interface      INFO     __init__:<module>: Loading custom module
2026-05-28 11:35:27.816 MainThread udi_interface      INFO     __init__:<module>: Loading isy module
2026-05-28 11:35:27.816 MainThread udi_interface      INFO     __init__:<module>: Loading OAuth module
2026-05-28 11:35:27.816 MainThread udi_interface      INFO     __init__:<module>: UDI interface initialized
2026-05-28 11:35:27.816 MainThread udi_interface      INFO     __init__:<module>: UDI Python Interface for Polyglot version 3 3.3.16 Starting...
2026-05-28 11:35:27.821 MainThread udi_interface      ERROR    udi_interface:write: Traceback (most recent call last):
2026-05-28 11:35:27.821 MainThread udi_interface      ERROR    udi_interface:write: File "/usr/home/admin/UDI/udi-MonitorAlert/udi-MonitorAlert/udiMonitor.py", line 5, in <module>
2026-05-28 11:35:27.821 MainThread udi_interface      ERROR    udi_interface:write: from iox_subscriber import IoXEventSubscriber
2026-05-28 11:35:27.821 MainThread udi_interface      ERROR    udi_interface:write: File "/usr/home/admin/UDI/udi-MonitorAlert/udi-MonitorAlert/iox_subscriber.py", line 3, in <module>
2026-05-28 11:35:27.822 MainThread udi_interface      ERROR    udi_interface:write: import websocket
2026-05-28 11:35:27.822 MainThread udi_interface      ERROR    udi_interface:write: ModuleNotFoundError
2026-05-28 11:35:27.822 MainThread udi_interface      ERROR    udi_interface:write: :
2026-05-28 11:35:27.822 MainThread udi_interface      ERROR    udi_interface:write: No module named 'websocket'
2026-05-28 11:35:58.839 MainThread udi_interface      INFO     polylogger:set_basic_config: set_basic_config: enable=True level=30
2026-05-28 11:35:58.839 MainThread udi_interface      INFO     __init__:<module>: UDI interface initializing
2026-05-28 11:35:58.839 MainThread udi_interface      INFO     __init__:<module>: User=None
2026-05-28 11:35:58.840 MainThread udi_interface      INFO     __init__:<module>: Home=/home/admin
2026-05-28 11:35:58.840 MainThread udi_interface      INFO     __init__:<module>: Node Server Path=/usr/home/admin/UDI/udi-MonitorAlert/udi-MonitorAlert
2026-05-28 11:35:58.840 MainThread udi_interface      INFO     __init__:<module>: PG3INIT=eyJ1dWlkIjoiMDA6MjE6Yjk6MDI6NmQ6Y2QiLCJwcm9maWxlTnVtIjoxMSwibG9nTGV2ZWwiOiJJTkZPIiwidG9rZW4iOiIpTE0rSVBNNCZIKSlBaG1nIiwibXF0dEhvc3QiOiJsb2NhbGhvc3QiLCJtcXR0UG9ydCI6ODg4Mywic2VjdXJlIjoxLCJpc1BHM3giOnRydWUsInBnM1ZlcnNpb24iOiIzLjQuMTgiLCJpc3lWZXJzaW9uIjoiNi4wLjUiLCJlZGl0aW9uIjoiRnJlZSJ9
2026-05-28 11:35:58.840 MainThread udi_interface      INFO     __init__:<module>: Loading interface module
2026-05-28 11:35:58.882 MainThread udi_interface      INFO     interface:<module>: Loading MQTT module
2026-05-28 11:35:59.372 MainThread udi_interface      INFO     interface:<module>: MQTT module loaded
2026-05-28 11:35:59.590 MainThread udi_interface      INFO     __init__:<module>: Loading udi_interface module
2026-05-28 11:35:59.591 MainThread udi_interface      INFO     __init__:<module>: Loading node module
2026-05-28 11:35:59.591 MainThread udi_interface      INFO     __init__:<module>: Loading custom module
2026-05-28 11:35:59.591 MainThread udi_interface      INFO     __init__:<module>: Loading isy module
2026-05-28 11:35:59.591 MainThread udi_interface      INFO     __init__:<module>: Loading OAuth module
2026-05-28 11:35:59.592 MainThread udi_interface      INFO     __init__:<module>: UDI interface initialized
2026-05-28 11:35:59.592 MainThread udi_interface      INFO     __init__:<module>: UDI Python Interface for Polyglot version 3 3.3.16 Starting...
2026-05-28 11:35:59.596 MainThread udi_interface      ERROR    udi_interface:write: Traceback (most recent call last):
2026-05-28 11:35:59.596 MainThread udi_interface      ERROR    udi_interface:write: File "/usr/home/admin/UDI/udi-MonitorAlert/udi-MonitorAlert/udiMonitor.py", line 5, in <module>
2026-05-28 11:35:59.596 MainThread udi_interface      ERROR    udi_interface:write: from iox_subscriber import IoXEventSubscriber
2026-05-28 11:35:59.597 MainThread udi_interface      ERROR    udi_interface:write: File "/usr/home/admin/UDI/udi-MonitorAlert/udi-MonitorAlert/iox_subscriber.py", line 3, in <module>
2026-05-28 11:35:59.597 MainThread udi_interface      ERROR    udi_interface:write: import websocket
2026-05-28 11:35:59.597 MainThread udi_interface      ERROR    udi_interface:write: ModuleNotFoundError
2026-05-28 11:35:59.597 MainThread udi_interface      ERROR    udi_interface:write: :
2026-05-28 11:35:59.597 MainThread udi_interface      ERROR    udi_interface:write: No module named 'websocket'
2026-05-28 11:36:30.617 MainThread udi_interface      INFO     polylogger:set_basic_config: set_basic_config: enable=True level=30
2026-05-28 11:36:30.617 MainThread udi_interface      INFO     __init__:<module>: UDI interface initializing
2026-05-28 11:36:30.617 MainThread udi_interface      INFO     __init__:<module>: User=None
2026-05-28 11:36:30.617 MainThread udi_interface      INFO     __init__:<module>: Home=/home/admin
2026-05-28 11:36:30.617 MainThread udi_interface      INFO     __init__:<module>: Node Server Path=/usr/home/admin/UDI/udi-MonitorAlert/udi-MonitorAlert
2026-05-28 11:36:30.617 MainThread udi_interface      INFO     __init__:<module>: PG3INIT=eyJ1dWlkIjoiMDA6MjE6Yjk6MDI6NmQ6Y2QiLCJwcm9maWxlTnVtIjoxMSwibG9nTGV2ZWwiOiJJTkZPIiwidG9rZW4iOiIpTE0rSVBNNCZIKSlBaG1nIiwibXF0dEhvc3QiOiJsb2NhbGhvc3QiLCJtcXR0UG9ydCI6ODg4Mywic2VjdXJlIjoxLCJpc1BHM3giOnRydWUsInBnM1ZlcnNpb24iOiIzLjQuMTgiLCJpc3lWZXJzaW9uIjoiNi4wLjUiLCJlZGl0aW9uIjoiRnJlZSJ9
2026-05-28 11:36:30.618 MainThread udi_interface      INFO     __init__:<module>: Loading interface module
2026-05-28 11:36:30.660 MainThread udi_interface      INFO     interface:<module>: Loading MQTT module
2026-05-28 11:36:31.150 MainThread udi_interface      INFO     interface:<module>: MQTT module loaded
2026-05-28 11:36:31.369 MainThread udi_interface      INFO     __init__:<module>: Loading udi_interface module
2026-05-28 11:36:31.369 MainThread udi_interface      INFO     __init__:<module>: Loading node module
2026-05-28 11:36:31.370 MainThread udi_interface      INFO     __init__:<module>: Loading custom module
2026-05-28 11:36:31.370 MainThread udi_interface      INFO     __init__:<module>: Loading isy module
2026-05-28 11:36:31.370 MainThread udi_interface      INFO     __init__:<module>: Loading OAuth module
2026-05-28 11:36:31.370 MainThread udi_interface      INFO     __init__:<module>: UDI interface initialized
2026-05-28 11:36:31.371 MainThread udi_interface      INFO     __init__:<module>: UDI Python Interface for Polyglot version 3 3.3.16 Starting...
2026-05-28 11:36:31.375 MainThread udi_interface      ERROR    udi_interface:write: Traceback (most recent call last):
2026-05-28 11:36:31.375 MainThread udi_interface      ERROR    udi_interface:write: File "/usr/home/admin/UDI/udi-MonitorAlert/udi-MonitorAlert/udiMonitor.py", line 5, in <module>
2026-05-28 11:36:31.375 MainThread udi_interface      ERROR    udi_interface:write: from iox_subscriber import IoXEventSubscriber
2026-05-28 11:36:31.375 MainThread udi_interface      ERROR    udi_interface:write: File "/usr/home/admin/UDI/udi-MonitorAlert/udi-MonitorAlert/iox_subscriber.py", line 3, in <module>
2026-05-28 11:36:31.376 MainThread udi_interface      ERROR    udi_interface:write: import websocket
2026-05-28 11:36:31.376 MainThread udi_interface      ERROR    udi_interface:write: ModuleNotFoundError
2026-05-28 11:36:31.376 MainThread udi_interface      ERROR    udi_interface:write: :
2026-05-28 11:36:31.376 MainThread udi_interface      ERROR    udi_interface:write: No module named 'websocket'
2026-05-28 11:37:02.412 MainThread udi_interface      INFO     polylogger:set_basic_config: set_basic_config: enable=True level=30
2026-05-28 11:37:02.412 MainThread udi_interface      INFO     __init__:<module>: UDI interface initializing
2026-05-28 11:37:02.412 MainThread udi_interface      INFO     __init__:<module>: User=None
2026-05-28 11:37:02.412 MainThread udi_interface      INFO     __init__:<module>: Home=/home/admin
2026-05-28 11:37:02.412 MainThread udi_interface      INFO     __init__:<module>: Node Server Path=/usr/home/admin/UDI/udi-MonitorAlert/udi-MonitorAlert
2026-05-28 11:37:02.413 MainThread udi_interface      INFO     __init__:<module>: PG3INIT=eyJ1dWlkIjoiMDA6MjE6Yjk6MDI6NmQ6Y2QiLCJwcm9maWxlTnVtIjoxMSwibG9nTGV2ZWwiOiJJTkZPIiwidG9rZW4iOiIpTE0rSVBNNCZIKSlBaG1nIiwibXF0dEhvc3QiOiJsb2NhbGhvc3QiLCJtcXR0UG9ydCI6ODg4Mywic2VjdXJlIjoxLCJpc1BHM3giOnRydWUsInBnM1ZlcnNpb24iOiIzLjQuMTgiLCJpc3lWZXJzaW9uIjoiNi4wLjUiLCJlZGl0aW9uIjoiRnJlZSJ9
2026-05-28 11:37:02.413 MainThread udi_interface      INFO     __init__:<module>: Loading interface module
2026-05-28 11:37:02.456 MainThread udi_interface      INFO     interface:<module>: Loading MQTT module
2026-05-28 11:37:02.970 MainThread udi_interface      INFO     interface:<module>: MQTT module loaded
2026-05-28 11:37:03.194 MainThread udi_interface      INFO     __init__:<module>: Loading udi_interface module
2026-05-28 11:37:03.195 MainThread udi_interface      INFO     __init__:<module>: Loading node module
2026-05-28 11:37:03.195 MainThread udi_interface      INFO     __init__:<module>: Loading custom module
2026-05-28 11:37:03.195 MainThread udi_interface      INFO     __init__:<module>: Loading isy module
2026-05-28 11:37:03.195 MainThread udi_interface      INFO     __init__:<module>: Loading OAuth module
2026-05-28 11:37:03.196 MainThread udi_interface      INFO     __init__:<module>: UDI interface initialized
2026-05-28 11:37:03.196 MainThread udi_interface      INFO     __init__:<module>: UDI Python Interface for Polyglot version 3 3.3.16 Starting...
2026-05-28 11:37:03.200 MainThread udi_interface      ERROR    udi_interface:write: Traceback (most recent call last):
2026-05-28 11:37:03.200 MainThread udi_interface      ERROR    udi_interface:write: File "/usr/home/admin/UDI/udi-MonitorAlert/udi-MonitorAlert/udiMonitor.py", line 5, in <module>
2026-05-28 11:37:03.201 MainThread udi_interface      ERROR    udi_interface:write: from iox_subscriber import IoXEventSubscriber
2026-05-28 11:37:03.201 MainThread udi_interface      ERROR    udi_interface:write: File "/usr/home/admin/UDI/udi-MonitorAlert/udi-MonitorAlert/iox_subscriber.py", line 3, in <module>
2026-05-28 11:37:03.201 MainThread udi_interface      ERROR    udi_interface:write: import websocket
2026-05-28 11:37:03.201 MainThread udi_interface      ERROR    udi_interface:write: ModuleNotFoundError
2026-05-28 11:37:03.201 MainThread udi_interface      ERROR    udi_interface:write: :
2026-05-28 11:37:03.201 MainThread udi_interface      ERROR    udi_interface:write: No module named 'websocket'
2026-05-28 11:37:34.276 MainThread udi_interface      INFO     polylogger:set_basic_config: set_basic_config: enable=True level=30
2026-05-28 11:37:34.277 MainThread udi_interface      INFO     __init__:<module>: UDI interface initializing
2026-05-28 11:37:34.277 MainThread udi_interface      INFO     __init__:<module>: User=None
2026-05-28 11:37:34.277 MainThread udi_interface      INFO     __init__:<module>: Home=/home/admin
2026-05-28 11:37:34.277 MainThread udi_interface      INFO     __init__:<module>: Node Server Path=/usr/home/admin/UDI/udi-MonitorAlert/udi-MonitorAlert
2026-05-28 11:37:34.277 MainThread udi_interface      INFO     __init__:<module>: PG3INIT=eyJ1dWlkIjoiMDA6MjE6Yjk6MDI6NmQ6Y2QiLCJwcm9maWxlTnVtIjoxMSwibG9nTGV2ZWwiOiJJTkZPIiwidG9rZW4iOiIpTE0rSVBNNCZIKSlBaG1nIiwibXF0dEhvc3QiOiJsb2NhbGhvc3QiLCJtcXR0UG9ydCI6ODg4Mywic2VjdXJlIjoxLCJpc1BHM3giOnRydWUsInBnM1ZlcnNpb24iOiIzLjQuMTgiLCJpc3lWZXJzaW9uIjoiNi4wLjUiLCJlZGl0aW9uIjoiRnJlZSJ9
2026-05-28 11:37:34.277 MainThread udi_interface      INFO     __init__:<module>: Loading interface module
2026-05-28 11:37:34.320 MainThread udi_interface      INFO     interface:<module>: Loading MQTT module
2026-05-28 11:37:34.812 MainThread udi_interface      INFO     interface:<module>: MQTT module loaded
2026-05-28 11:37:35.031 MainThread udi_interface      INFO     __init__:<module>: Loading udi_interface module
2026-05-28 11:37:35.032 MainThread udi_interface      INFO     __init__:<module>: Loading node module
2026-05-28 11:37:35.032 MainThread udi_interface      INFO     __init__:<module>: Loading custom module
2026-05-28 11:37:35.032 MainThread udi_interface      INFO     __init__:<module>: Loading isy module
2026-05-28 11:37:35.032 MainThread udi_interface      INFO     __init__:<module>: Loading OAuth module
2026-05-28 11:37:35.033 MainThread udi_interface      INFO     __init__:<module>: UDI interface initialized
2026-05-28 11:37:35.033 MainThread udi_interface      INFO     __init__:<module>: UDI Python Interface for Polyglot version 3 3.3.16 Starting...
2026-05-28 11:37:35.038 MainThread udi_interface      ERROR    udi_interface:write: Traceback (most recent call last):
2026-05-28 11:37:35.038 MainThread udi_interface      ERROR    udi_interface:write: File "/usr/home/admin/UDI/udi-MonitorAlert/udi-MonitorAlert/udiMonitor.py", line 5, in <module>
2026-05-28 11:37:35.038 MainThread udi_interface      ERROR    udi_interface:write: from iox_subscriber import IoXEventSubscriber
2026-05-28 11:37:35.038 MainThread udi_interface      ERROR    udi_interface:write: File "/usr/home/admin/UDI/udi-MonitorAlert/udi-MonitorAlert/iox_subscriber.py", line 3, in <module>
2026-05-28 11:37:35.038 MainThread udi_interface      ERROR    udi_interface:write: import websocket
2026-05-28 11:37:35.039 MainThread udi_interface      ERROR    udi_interface:write: ModuleNotFoundError
2026-05-28 11:37:35.039 MainThread udi_interface      ERROR    udi_interface:write: :
2026-05-28 11:37:35.039 MainThread udi_interface      ERROR    udi_interface:write: No module named 'websocket'
2026-05-28 11:38:06.042 MainThread udi_interface      INFO     polylogger:set_basic_config: set_basic_config: enable=True level=30
2026-05-28 11:38:06.043 MainThread udi_interface      INFO     __init__:<module>: UDI interface initializing
2026-05-28 11:38:06.043 MainThread udi_interface      INFO     __init__:<module>: User=None
2026-05-28 11:38:06.043 MainThread udi_interface      INFO     __init__:<module>: Home=/home/admin
2026-05-28 11:38:06.043 MainThread udi_interface      INFO     __init__:<module>: Node Server Path=/usr/home/admin/UDI/udi-MonitorAlert/udi-MonitorAlert
2026-05-28 11:38:06.043 MainThread udi_interface      INFO     __init__:<module>: PG3INIT=eyJ1dWlkIjoiMDA6MjE6Yjk6MDI6NmQ6Y2QiLCJwcm9maWxlTnVtIjoxMSwibG9nTGV2ZWwiOiJJTkZPIiwidG9rZW4iOiIpTE0rSVBNNCZIKSlBaG1nIiwibXF0dEhvc3QiOiJsb2NhbGhvc3QiLCJtcXR0UG9ydCI6ODg4Mywic2VjdXJlIjoxLCJpc1BHM3giOnRydWUsInBnM1ZlcnNpb24iOiIzLjQuMTgiLCJpc3lWZXJzaW9uIjoiNi4wLjUiLCJlZGl0aW9uIjoiRnJlZSJ9
2026-05-28 11:38:06.043 MainThread udi_interface      INFO     __init__:<module>: Loading interface module
2026-05-28 11:38:06.086 MainThread udi_interface      INFO     interface:<module>: Loading MQTT module
2026-05-28 11:38:06.581 MainThread udi_interface      INFO     interface:<module>: MQTT module loaded
2026-05-28 11:38:06.801 MainThread udi_interface      INFO     __init__:<module>: Loading udi_interface module
2026-05-28 11:38:06.802 MainThread udi_interface      INFO     __init__:<module>: Loading node module
2026-05-28 11:38:06.802 MainThread udi_interface      INFO     __init__:<module>: Loading custom module
2026-05-28 11:38:06.802 MainThread udi_interface      INFO     __init__:<module>: Loading isy module
2026-05-28 11:38:06.802 MainThread udi_interface      INFO     __init__:<module>: Loading OAuth module
2026-05-28 11:38:06.803 MainThread udi_interface      INFO     __init__:<module>: UDI interface initialized
2026-05-28 11:38:06.803 MainThread udi_interface      INFO     __init__:<module>: UDI Python Interface for Polyglot version 3 3.3.16 Starting...
2026-05-28 11:38:06.812 MainThread udi_interface.interface INFO     interface:__init__: Initialization received from Polyglot V3 3.4.18  [ISY: 6.0.5, Slot: 11]
2026-05-28 11:38:06.812 MainThread udi_interface.interface INFO     interface:__init__: Connect: Network Interface: {'addr': '192.168.1.204', 'netmask': '255.255.255.0', 'broadcast': '192.168.1.255'}
2026-05-28 11:38:06.813 MainThread udi_interface      ERROR    udi_interface:write: Traceback (most recent call last):
2026-05-28 11:38:06.813 MainThread udi_interface      ERROR    udi_interface:write: File "/usr/home/admin/UDI/udi-MonitorAlert/udi-MonitorAlert/udiMonitor.py", line 194, in <module>
2026-05-28 11:38:06.813 MainThread udi_interface      ERROR    udi_interface:write: polyglot.start(
2026-05-28 11:38:06.813 MainThread udi_interface      ERROR    udi_interface:write: TypeError
2026-05-28 11:38:06.813 MainThread udi_interface      ERROR    udi_interface:write: :
2026-05-28 11:38:06.813 MainThread udi_interface      ERROR    udi_interface:write: Interface.start() got an unexpected keyword argument 'editors'
2026-05-28 11:38:37.798 MainThread udi_interface      INFO     polylogger:set_basic_config: set_basic_config: enable=True level=30
2026-05-28 11:38:37.799 MainThread udi_interface      INFO     __init__:<module>: UDI interface initializing
2026-05-28 11:38:37.799 MainThread udi_interface      INFO     __init__:<module>: User=None
2026-05-28 11:38:37.799 MainThread udi_interface      INFO     __init__:<module>: Home=/home/admin
2026-05-28 11:38:37.799 MainThread udi_interface      INFO     __init__:<module>: Node Server Path=/usr/home/admin/UDI/udi-MonitorAlert/udi-MonitorAlert
2026-05-28 11:38:37.799 MainThread udi_interface      INFO     __init__:<module>: PG3INIT=eyJ1dWlkIjoiMDA6MjE6Yjk6MDI6NmQ6Y2QiLCJwcm9maWxlTnVtIjoxMSwibG9nTGV2ZWwiOiJJTkZPIiwidG9rZW4iOiIpTE0rSVBNNCZIKSlBaG1nIiwibXF0dEhvc3QiOiJsb2NhbGhvc3QiLCJtcXR0UG9ydCI6ODg4Mywic2VjdXJlIjoxLCJpc1BHM3giOnRydWUsInBnM1ZlcnNpb24iOiIzLjQuMTgiLCJpc3lWZXJzaW9uIjoiNi4wLjUiLCJlZGl0aW9uIjoiRnJlZSJ9
2026-05-28 11:38:37.799 MainThread udi_interface      INFO     __init__:<module>: Loading interface module
2026-05-28 11:38:37.842 MainThread udi_interface      INFO     interface:<module>: Loading MQTT module
2026-05-28 11:38:38.335 MainThread udi_interface      INFO     interface:<module>: MQTT module loaded
2026-05-28 11:38:38.553 MainThread udi_interface      INFO     __init__:<module>: Loading udi_interface module
2026-05-28 11:38:38.553 MainThread udi_interface      INFO     __init__:<module>: Loading node module
2026-05-28 11:38:38.554 MainThread udi_interface      INFO     __init__:<module>: Loading custom module
2026-05-28 11:38:38.554 MainThread udi_interface      INFO     __init__:<module>: Loading isy module
2026-05-28 11:38:38.554 MainThread udi_interface      INFO     __init__:<module>: Loading OAuth module
2026-05-28 11:38:38.554 MainThread udi_interface      INFO     __init__:<module>: UDI interface initialized
2026-05-28 11:38:38.555 MainThread udi_interface      INFO     __init__:<module>: UDI Python Interface for Polyglot version 3 3.3.16 Starting...
2026-05-28 11:38:38.560 MainThread udi_interface.interface INFO     interface:__init__: Initialization received from Polyglot V3 3.4.18  [ISY: 6.0.5, Slot: 11]
2026-05-28 11:38:38.560 MainThread udi_interface.interface INFO     interface:__init__: Connect: Network Interface: {'addr': '192.168.1.204', 'netmask': '255.255.255.0', 'broadcast': '192.168.1.255'}
2026-05-28 11:38:38.561 MainThread udi_interface      ERROR    udi_interface:write: Traceback (most recent call last):
2026-05-28 11:38:38.561 MainThread udi_interface      ERROR    udi_interface:write: File "/usr/home/admin/UDI/udi-MonitorAlert/udi-MonitorAlert/udiMonitor.py", line 194, in <module>
2026-05-28 11:38:38.561 MainThread udi_interface      ERROR    udi_interface:write: polyglot.start(
2026-05-28 11:38:38.561 MainThread udi_interface      ERROR    udi_interface:write: TypeError
2026-05-28 11:38:38.561 MainThread udi_interface      ERROR    udi_interface:write: :
2026-05-28 11:38:38.562 MainThread udi_interface      ERROR    udi_interface:write: Interface.start() got an unexpected keyword argument 'editors'
2026-05-28 11:39:09.595 MainThread udi_interface      INFO     polylogger:set_basic_config: set_basic_config: enable=True level=30
2026-05-28 11:39:09.595 MainThread udi_interface      INFO     __init__:<module>: UDI interface initializing
2026-05-28 11:39:09.595 MainThread udi_interface      INFO     __init__:<module>: User=None
2026-05-28 11:39:09.595 MainThread udi_interface      INFO     __init__:<module>: Home=/home/admin
2026-05-28 11:39:09.596 MainThread udi_interface      INFO     __init__:<module>: Node Server Path=/usr/home/admin/UDI/udi-MonitorAlert/udi-MonitorAlert
2026-05-28 11:39:09.596 MainThread udi_interface      INFO     __init__:<module>: PG3INIT=eyJ1dWlkIjoiMDA6MjE6Yjk6MDI6NmQ6Y2QiLCJwcm9maWxlTnVtIjoxMSwibG9nTGV2ZWwiOiJJTkZPIiwidG9rZW4iOiIpTE0rSVBNNCZIKSlBaG1nIiwibXF0dEhvc3QiOiJsb2NhbGhvc3QiLCJtcXR0UG9ydCI6ODg4Mywic2VjdXJlIjoxLCJpc1BHM3giOnRydWUsInBnM1ZlcnNpb24iOiIzLjQuMTgiLCJpc3lWZXJzaW9uIjoiNi4wLjUiLCJlZGl0aW9uIjoiRnJlZSJ9
2026-05-28 11:39:09.596 MainThread udi_interface      INFO     __init__:<module>: Loading interface module
2026-05-28 11:39:09.641 MainThread udi_interface      INFO     interface:<module>: Loading MQTT module
2026-05-28 11:39:10.147 MainThread udi_interface      INFO     interface:<module>: MQTT module loaded
2026-05-28 11:39:10.364 MainThread udi_interface      INFO     __init__:<module>: Loading udi_interface module
2026-05-28 11:39:10.365 MainThread udi_interface      INFO     __init__:<module>: Loading node module
2026-05-28 11:39:10.365 MainThread udi_interface      INFO     __init__:<module>: Loading custom module
2026-05-28 11:39:10.365 MainThread udi_interface      INFO     __init__:<module>: Loading isy module
2026-05-28 11:39:10.365 MainThread udi_interface      INFO     __init__:<module>: Loading OAuth module
2026-05-28 11:39:10.366 MainThread udi_interface      INFO     __init__:<module>: UDI interface initialized
2026-05-28 11:39:10.366 MainThread udi_interface      INFO     __init__:<module>: UDI Python Interface for Polyglot version 3 3.3.16 Starting...
2026-05-28 11:39:10.371 MainThread udi_interface.interface INFO     interface:__init__: Initialization received from Polyglot V3 3.4.18  [ISY: 6.0.5, Slot: 11]
2026-05-28 11:39:10.372 MainThread udi_interface.interface INFO     interface:__init__: Connect: Network Interface: {'addr': '192.168.1.204', 'netmask': '255.255.255.0', 'broadcast': '192.168.1.255'}
2026-05-28 11:39:10.372 MainThread udi_interface      ERROR    udi_interface:write: Traceback (most recent call last):
2026-05-28 11:39:10.372 MainThread udi_interface      ERROR    udi_interface:write: File "/usr/home/admin/UDI/udi-MonitorAlert/udi-MonitorAlert/udiMonitor.py", line 194, in <module>
2026-05-28 11:39:10.372 MainThread udi_interface      ERROR    udi_interface:write: polyglot.start(
2026-05-28 11:39:10.373 MainThread udi_interface      ERROR    udi_interface:write: TypeError
2026-05-28 11:39:10.373 MainThread udi_interface      ERROR    udi_interface:write: :
2026-05-28 11:39:10.373 MainThread udi_interface      ERROR    udi_interface:write: Interface.start() got an unexpected keyword argument 'editors'
2026-05-28 11:39:25.596 MainThread udi_interface      INFO     polylogger:set_basic_config: set_basic_config: enable=True level=30
2026-05-28 11:39:25.596 MainThread udi_interface      INFO     __init__:<module>: UDI interface initializing
2026-05-28 11:39:25.596 MainThread udi_interface      INFO     __init__:<module>: User=None
2026-05-28 11:39:25.597 MainThread udi_interface      INFO     __init__:<module>: Home=/home/admin
2026-05-28 11:39:25.597 MainThread udi_interface      INFO     __init__:<module>: Node Server Path=/usr/home/admin/UDI/udi-MonitorAlert/udi-MonitorAlert
2026-05-28 11:39:25.597 MainThread udi_interface      INFO     __init__:<module>: PG3INIT=eyJ1dWlkIjoiMDA6MjE6Yjk6MDI6NmQ6Y2QiLCJwcm9maWxlTnVtIjoxMSwibG9nTGV2ZWwiOiJJTkZPIiwidG9rZW4iOiIpTE0rSVBNNCZIKSlBaG1nIiwibXF0dEhvc3QiOiJsb2NhbGhvc3QiLCJtcXR0UG9ydCI6ODg4Mywic2VjdXJlIjoxLCJpc1BHM3giOnRydWUsInBnM1ZlcnNpb24iOiIzLjQuMTgiLCJpc3lWZXJzaW9uIjoiNi4wLjUiLCJlZGl0aW9uIjoiRnJlZSJ9
2026-05-28 11:39:25.597 MainThread udi_interface      INFO     __init__:<module>: Loading interface module
2026-05-28 11:39:25.640 MainThread udi_interface      INFO     interface:<module>: Loading MQTT module
2026-05-28 11:39:26.138 MainThread udi_interface      INFO     interface:<module>: MQTT module loaded
2026-05-28 11:39:26.359 MainThread udi_interface      INFO     __init__:<module>: Loading udi_interface module
2026-05-28 11:39:26.360 MainThread udi_interface      INFO     __init__:<module>: Loading node module
2026-05-28 11:39:26.360 MainThread udi_interface      INFO     __init__:<module>: Loading custom module
2026-05-28 11:39:26.360 MainThread udi_interface      INFO     __init__:<module>: Loading isy module
2026-05-28 11:39:26.360 MainThread udi_interface      INFO     __init__:<module>: Loading OAuth module
2026-05-28 11:39:26.361 MainThread udi_interface      INFO     __init__:<module>: UDI interface initialized
2026-05-28 11:39:26.361 MainThread udi_interface      INFO     __init__:<module>: UDI Python Interface for Polyglot version 3 3.3.16 Starting...
2026-05-28 11:39:26.366 MainThread udi_interface.interface INFO     interface:__init__: Initialization received from Polyglot V3 3.4.18  [ISY: 6.0.5, Slot: 11]
2026-05-28 11:39:26.366 MainThread udi_interface.interface INFO     interface:__init__: Connect: Network Interface: {'addr': '192.168.1.204', 'netmask': '255.255.255.0', 'broadcast': '192.168.1.255'}
2026-05-28 11:39:26.366 MainThread udi_interface      ERROR    udi_interface:write: Traceback (most recent call last):
2026-05-28 11:39:26.366 MainThread udi_interface      ERROR    udi_interface:write: File "/usr/home/admin/UDI/udi-MonitorAlert/udi-MonitorAlert/udiMonitor.py", line 194, in <module>
2026-05-28 11:39:26.367 MainThread udi_interface      ERROR    udi_interface:write: polyglot.start(
2026-05-28 11:39:26.367 MainThread udi_interface      ERROR    udi_interface:write: TypeError
2026-05-28 11:39:26.367 MainThread udi_interface      ERROR    udi_interface:write: :
2026-05-28 11:39:26.367 MainThread udi_interface      ERROR    udi_interface:write: Interface.start() got an unexpected keyword argument 'editors'
2026-05-28 11:39:51.908 MainThread udi_interface      INFO     polylogger:set_basic_config: set_basic_config: enable=True level=30
2026-05-28 11:39:51.908 MainThread udi_interface      INFO     __init__:<module>: UDI interface initializing
2026-05-28 11:39:51.908 MainThread udi_interface      INFO     __init__:<module>: User=None
2026-05-28 11:39:51.908 MainThread udi_interface      INFO     __init__:<module>: Home=/home/admin
2026-05-28 11:39:51.908 MainThread udi_interface      INFO     __init__:<module>: Node Server Path=/usr/home/admin/UDI/udi-MonitorAlert/udi-MonitorAlert
2026-05-28 11:39:51.908 MainThread udi_interface      INFO     __init__:<module>: PG3INIT=eyJ1dWlkIjoiMDA6MjE6Yjk6MDI6NmQ6Y2QiLCJwcm9maWxlTnVtIjoxMSwibG9nTGV2ZWwiOiJJTkZPIiwidG9rZW4iOiIpTE0rSVBNNCZIKSlBaG1nIiwibXF0dEhvc3QiOiJsb2NhbGhvc3QiLCJtcXR0UG9ydCI6ODg4Mywic2VjdXJlIjoxLCJpc1BHM3giOnRydWUsInBnM1ZlcnNpb24iOiIzLjQuMTgiLCJpc3lWZXJzaW9uIjoiNi4wLjUiLCJlZGl0aW9uIjoiRnJlZSJ9
2026-05-28 11:39:51.909 MainThread udi_interface      INFO     __init__:<module>: Loading interface module
2026-05-28 11:39:51.952 MainThread udi_interface      INFO     interface:<module>: Loading MQTT module
2026-05-28 11:39:52.451 MainThread udi_interface      INFO     interface:<module>: MQTT module loaded
2026-05-28 11:39:52.674 MainThread udi_interface      INFO     __init__:<module>: Loading udi_interface module
2026-05-28 11:39:52.675 MainThread udi_interface      INFO     __init__:<module>: Loading node module
2026-05-28 11:39:52.675 MainThread udi_interface      INFO     __init__:<module>: Loading custom module
2026-05-28 11:39:52.675 MainThread udi_interface      INFO     __init__:<module>: Loading isy module
2026-05-28 11:39:52.675 MainThread udi_interface      INFO     __init__:<module>: Loading OAuth module
2026-05-28 11:39:52.676 MainThread udi_interface      INFO     __init__:<module>: UDI interface initialized
2026-05-28 11:39:52.676 MainThread udi_interface      INFO     __init__:<module>: UDI Python Interface for Polyglot version 3 3.3.16 Starting...
2026-05-28 11:39:52.681 MainThread udi_interface.interface INFO     interface:__init__: Initialization received from Polyglot V3 3.4.18  [ISY: 6.0.5, Slot: 11]
2026-05-28 11:39:52.681 MainThread udi_interface.interface INFO     interface:__init__: Connect: Network Interface: {'addr': '192.168.1.204', 'netmask': '255.255.255.0', 'broadcast': '192.168.1.255'}
2026-05-28 11:39:52.682 MainThread udi_interface      ERROR    udi_interface:write: Traceback (most recent call last):
2026-05-28 11:39:52.682 MainThread udi_interface      ERROR    udi_interface:write: File "/usr/home/admin/UDI/udi-MonitorAlert/udi-MonitorAlert/udiMonitor.py", line 194, in <module>
2026-05-28 11:39:52.682 MainThread udi_interface      ERROR    udi_interface:write: polyglot.start(
2026-05-28 11:39:52.682 MainThread udi_interface      ERROR    udi_interface:write: TypeError
2026-05-28 11:39:52.682 MainThread udi_interface      ERROR    udi_interface:write: :
2026-05-28 11:39:52.682 MainThread udi_interface      ERROR    udi_interface:write: Interface.start() got an unexpected keyword argument 'editors'
2026-05-28 11:40:23.727 MainThread udi_interface      INFO     polylogger:set_basic_config: set_basic_config: enable=True level=30
2026-05-28 11:40:23.727 MainThread udi_interface      INFO     __init__:<module>: UDI interface initializing
2026-05-28 11:40:23.727 MainThread udi_interface      INFO     __init__:<module>: User=None
2026-05-28 11:40:23.728 MainThread udi_interface      INFO     __init__:<module>: Home=/home/admin
2026-05-28 11:40:23.728 MainThread udi_interface      INFO     __init__:<module>: Node Server Path=/usr/home/admin/UDI/udi-MonitorAlert/udi-MonitorAlert
2026-05-28 11:40:23.728 MainThread udi_interface      INFO     __init__:<module>: PG3INIT=eyJ1dWlkIjoiMDA6MjE6Yjk6MDI6NmQ6Y2QiLCJwcm9maWxlTnVtIjoxMSwibG9nTGV2ZWwiOiJJTkZPIiwidG9rZW4iOiIpTE0rSVBNNCZIKSlBaG1nIiwibXF0dEhvc3QiOiJsb2NhbGhvc3QiLCJtcXR0UG9ydCI6ODg4Mywic2VjdXJlIjoxLCJpc1BHM3giOnRydWUsInBnM1ZlcnNpb24iOiIzLjQuMTgiLCJpc3lWZXJzaW9uIjoiNi4wLjUiLCJlZGl0aW9uIjoiRnJlZSJ9
2026-05-28 11:40:23.728 MainThread udi_interface      INFO     __init__:<module>: Loading interface module
2026-05-28 11:40:23.771 MainThread udi_interface      INFO     interface:<module>: Loading MQTT module
2026-05-28 11:40:24.266 MainThread udi_interface      INFO     interface:<module>: MQTT module loaded
2026-05-28 11:40:24.486 MainThread udi_interface      INFO     __init__:<module>: Loading udi_interface module
2026-05-28 11:40:24.487 MainThread udi_interface      INFO     __init__:<module>: Loading node module
2026-05-28 11:40:24.487 MainThread udi_interface      INFO     __init__:<module>: Loading custom module
2026-05-28 11:40:24.487 MainThread udi_interface      INFO     __init__:<module>: Loading isy module
2026-05-28 11:40:24.487 MainThread udi_interface      INFO     __init__:<module>: Loading OAuth module
2026-05-28 11:40:24.488 MainThread udi_interface      INFO     __init__:<module>: UDI interface initialized
2026-05-28 11:40:24.488 MainThread udi_interface      INFO     __init__:<module>: UDI Python Interface for Polyglot version 3 3.3.16 Starting...
2026-05-28 11:40:24.493 MainThread udi_interface.interface INFO     interface:__init__: Initialization received from Polyglot V3 3.4.18  [ISY: 6.0.5, Slot: 11]
2026-05-28 11:40:24.493 MainThread udi_interface.interface INFO     interface:__init__: Connect: Network Interface: {'addr': '192.168.1.204', 'netmask': '255.255.255.0', 'broadcast': '192.168.1.255'}
2026-05-28 11:40:24.494 Interface  udi_interface.interface INFO     interface:_startMqtt: Connecting to MQTT... localhost:8883
2026-05-28 11:40:24.494 MainThread udi_interface.interface WARNING  interface:db_getNodeDrivers: ml_ctrl not found in database.
2026-05-28 11:40:24.494 Interface  udi_interface.interface INFO     interface:_startMqtt: Using SSL cert: 0021b9026dcd_11.cert key: 0021b9026dcd_11.key ca: /usr/local/etc/ssl/certs/ud.ca.cert
2026-05-28 11:40:24.495 MainThread udi_interface      ERROR    udi_interface:write: Traceback (most recent call last):
2026-05-28 11:40:24.495 MainThread udi_interface      ERROR    udi_interface:write: File "/usr/home/admin/UDI/udi-MonitorAlert/udi-MonitorAlert/udiMonitor.py", line 199, in <module>
2026-05-28 11:40:24.496 MainThread udi_interface      ERROR    udi_interface:write: polyglot.runLoop()
2026-05-28 11:40:24.496 MainThread udi_interface      ERROR    udi_interface:write: ^
2026-05-28 11:40:24.496 MainThread udi_interface      ERROR    udi_interface:write: ^
2026-05-28 11:40:24.496 MainThread udi_interface      ERROR    udi_interface:write: ^
2026-05-28 11:40:24.496 MainThread udi_interface      ERROR    udi_interface:write: ^
2026-05-28 11:40:24.496 MainThread udi_interface      ERROR    udi_interface:write: ^
2026-05-28 11:40:24.496 MainThread udi_interface      ERROR    udi_interface:write: ^
2026-05-28 11:40:24.496 MainThread udi_interface      ERROR    udi_interface:write: ^
2026-05-28 11:40:24.497 MainThread udi_interface      ERROR    udi_interface:write: ^
2026-05-28 11:40:24.497 MainThread udi_interface      ERROR    udi_interface:write: ^
2026-05-28 11:40:24.497 MainThread udi_interface      ERROR    udi_interface:write: ^
2026-05-28 11:40:24.497 MainThread udi_interface      ERROR    udi_interface:write: ^
2026-05-28 11:40:24.497 MainThread udi_interface      ERROR    udi_interface:write: ^
2026-05-28 11:40:24.497 MainThread udi_interface      ERROR    udi_interface:write: ^
2026-05-28 11:40:24.497 MainThread udi_interface      ERROR    udi_interface:write: ^
2026-05-28 11:40:24.497 MainThread udi_interface      ERROR    udi_interface:write: ^
2026-05-28 11:40:24.497 MainThread udi_interface      ERROR    udi_interface:write: ^
2026-05-28 11:40:24.498 MainThread udi_interface      ERROR    udi_interface:write: AttributeError
2026-05-28 11:40:24.498 Interface  udi_interface.interface INFO     interface:_startMqtt: MQTT keepalive is 300 seconds.
2026-05-28 11:40:24.498 MainThread udi_interface      ERROR    udi_interface:write: :
2026-05-28 11:40:24.499 MainThread udi_interface      ERROR    udi_interface:write: 'Interface' object has no attribute 'runLoop'
2026-05-28 11:40:24.548 MQTT       udi_interface.interface INFO     interface:_connect: MQTT Connected with Reason code: Success
2026-05-28 11:40:24.549 MQTT       udi_interface.interface INFO     interface:_connect: MQTT Subscribing to topic: udi/pg3/ns/clients/00:21:b9:02:6d:cd_11 -  MID: 2 Result: 0
2026-05-28 11:40:24.591 MQTT       udi_interface.interface INFO     interface:_subscribe: MQTT Subscribed Successfully for Message ID: 2. Reason codes: ['Granted QoS 0']
2026-05-28 11:40:24.635 MQTT       udi_interface.interface DEBUG    interface:_message: QUEUING incoming message getAll
2026-05-28 11:40:24.635 Command    udi_interface.interface DEBUG    interface:_parseInput: DEQUEING getAll
2026-05-28 11:40:24.635 Command    udi_interface.interface DEBUG    interface:_handleInput: PROCESS getAll message {'id': 'c757b9fb-07e8-4d80-bd10-9aaa01a412e2', 'uuid': '00:21:b9:02:6d:cd', 'profileNum': 11, 'key': 'nsdata', 'value': '', 'dbVersion': 1} from Polyglot
2026-05-28 11:40:24.636 Command    udi_interface.interface DEBUG    interface:_handleInput: Key nsdata should be passed to node server.
2026-05-28 11:40:24.636 Command    udi_interface.interface DEBUG    interface:_handleInput: PROCESS getAll message {'id': '437b956a-eb07-4286-9c8f-99f0521f9e08', 'uuid': '00:21:b9:02:6d:cd', 'profileNum': 11, 'key': 'oauth', 'value': '', 'dbVersion': 1} from Polyglot
2026-05-28 11:40:24.636 Command    udi_interface.interface DEBUG    interface:_handleInput: Key oauth should be passed to node server.
2026-05-28 11:40:24.676 MQTT       udi_interface.interface DEBUG    interface:_message: QUEUING incoming message getNsInfo
2026-05-28 11:40:24.676 Command    udi_interface.interface DEBUG    interface:_parseInput: DEQUEING getNsInfo
2026-05-28 11:40:24.676 Command    udi_interface.interface DEBUG    interface:_handleInput: PROCESS getNsInfo message {'id': '1506599b-1827-46c8-91c4-f28fc8a9d885', 'uuid': '00:21:b9:02:6d:cd', 'name': 'TeslaEVstream', 'nsid': 'fc6f63ff-b210-4076-a111-c0f40c748a74', 'expires': 0, 'nickname': None, 'profileNum': 18, 'developerMode': 0, 'timeAdded': 1748019345855, 'timeStarted': 1770338293164, 'timeModified': 1770338315461, 'version': '0.2.14', 'edition': 'Free', 'branch': 'main', 'url': 'https://github.com/Panda88CO/TeslaEV3', 'home': '/var/polyglot/pg3/ns/0021b9026dcd_18', 'log': 'logs/debug.log', 'logLevel': 'DEBUG', 'logLevelList': '[{"id":4,"name":"Debug","value":"DEBUG","level":10},{"id":3,"name":"Info","value":"INFO","level":20},{"id":2,"name":"Warning","value":"WARNING","level":30},{"id":1,"name":"Error","value":"ERROR","level":40},{"id":0,"name":"Critical","value":"CRITICAL","level":50}]', 'enabled': 0, 'connected': 0, 'devMode': 0, 'type': 'python3', 'executable': 'TeslaEV3main.py', 'shortPoll': 300, 'longPoll': 7200, 'allowIsyAccess': 0, 'nsInfoPoll': 0, 'discover': 0, 'oauth': 1, 'requestId': 0, 'status_node': None, 'status_driver': None, 'orderId': None, 'store': 'Production', 'option': '5a4f2b45-0f05-4b6b-a634-f677e85e9c7b', 'noLicense': 1, 'latestVersion': '0.2.14', 'dbVersion': 1} from Polyglot
2026-05-28 11:40:24.676 Command    udi_interface.interface DEBUG    interface:_handleInput: PROCESS getNsInfo message {'id': '36febc9e-1def-435b-a9a2-3820011d6f75', 'uuid': '00:21:b9:02:6d:cd', 'name': 'Netro_watering', 'nsid': 'dd5f609e-51c8-43d5-a06e-625b8f948a81', 'expires': 0, 'nickname': None, 'profileNum': 10, 'developerMode': 0, 'timeAdded': 1762799487659, 'timeStarted': 1762814980766, 'timeModified': 1764278562941, 'version': '0.1.18', 'edition': 'Standard', 'branch': 'main', 'url': 'https://github.com/Panda88CO/udiNetro', 'home': '/var/polyglot/pg3/ns/0021b9026dcd_10', 'log': 'logs/debug.log', 'logLevel': 'DEBUG', 'logLevelList': '[{"id":4,"name":"Debug","value":"DEBUG","level":10},{"id":3,"name":"Info","value":"INFO","level":20},{"id":2,"name":"Warning","value":"WARNING","level":30},{"id":1,"name":"Error","value":"ERROR","level":40},{"id":0,"name":"Critical","value":"CRITICAL","level":50}]', 'enabled': 0, 'connected': 0, 'devMode': 0, 'type': 'python3', 'executable': 'udiNetro.py', 'shortPoll': 60, 'longPoll': 1200, 'allowIsyAccess': 0, 'nsInfoPoll': 0, 'discover': 0, 'oauth': 0, 'requestId': 0, 'status_node': None, 'status_driver': None, 'orderId': None, 'store': 'Local', 'option': 'aabda037-cfb2-4e35-824a-48eebc9cfc48', 'noLicense': 1, 'latestVersion': '0.1.18', 'dbVersion': 1} from Polyglot
2026-05-28 11:40:24.676 Command    udi_interface.interface DEBUG    interface:_handleInput: PROCESS getNsInfo message {'id': '48cc858b-ffa8-4047-b6f7-8c1a950572c3', 'uuid': '00:21:b9:02:6d:cd', 'name': 'YolinkLocal', 'nsid': '0e152549-cca9-4835-9981-9028cbe258bb', 'expires': 0, 'nickname': None, 'profileNum': 8, 'developerMode': 0, 'timeAdded': 1763517642307, 'timeStarted': 1779985279325, 'timeModified': 1779985280632, 'version': '1.8.59', 'edition': 'Standard', 'branch': 'DEV', 'url': 'https://github.com/Panda88CO/udi-yolink', 'home': '/var/polyglot/pg3/ns/0021b9026dcd_8', 'log': 'logs/debug.log', 'logLevel': 'INFO', 'logLevelList': '[{"id":4,"name":"Debug","value":"DEBUG","level":10},{"id":3,"name":"Info","value":"INFO","level":20},{"id":2,"name":"Warning","value":"WARNING","level":30},{"id":1,"name":"Error","value":"ERROR","level":40},{"id":0,"name":"Critical","value":"CRITICAL","level":50}]', 'enabled': 1, 'connected': 1, 'devMode': 0, 'type': 'python3', 'executable': 'udiYoLinkLocal.py', 'shortPoll': 599, 'longPoll': 3600, 'allowIsyAccess': 0, 'nsInfoPoll': 0, 'discover': 0, 'oauth': 0, 'requestId': 0, 'status_node': None, 'status_driver': None, 'orderId': None, 'store': 'Local', 'option': '0ff3c3da-6043-496a-ac9c-36c73b08f585', 'noLicense': 1, 'latestVersion': '1.8.59', 'dbVersion': 1} from Polyglot
2026-05-28 11:40:24.677 Command    udi_interface.interface DEBUG    interface:_handleInput: PROCESS getNsInfo message {'id': '35dea668-283e-43a0-9a4c-71d277f0f990', 'uuid': '00:21:b9:02:6d:cd', 'name': 'Blink', 'nsid': '02b66257-0f05-4624-9c27-6855c828c844', 'expires': 0, 'nickname': None, 'profileNum': 13, 'developerMode': 0, 'timeAdded': 1763686393708, 'timeStarted': 1776704732792, 'timeModified': 1776713932509, 'version': '0.6.16', 'edition': 'Standard', 'branch': 'REL260329', 'url': 'https://github.com/Panda88CO/udi-Blink.git', 'home': '/var/polyglot/pg3/ns/0021b9026dcd_13', 'log': 'logs/debug.log', 'logLevel': 'DEBUG', 'logLevelList': '[{"id":4,"name":"Debug","value":"DEBUG","level":10},{"id":3,"name":"Info","value":"INFO","level":20},{"id":2,"name":"Warning","value":"WARNING","level":30},{"id":1,"name":"Error","value":"ERROR","level":40},{"id":0,"name":"Critical","value":"CRITICAL","level":50}]', 'enabled': 0, 'connected': 0, 'devMode': 0, 'type': 'python3', 'executable': 'udiBlinkController.py', 'shortPoll': 60, 'longPoll': 300, 'allowIsyAccess': 0, 'nsInfoPoll': 0, 'discover': 0, 'oauth': 0, 'requestId': 0, 'status_node': None, 'status_driver': None, 'orderId': None, 'store': 'Production', 'option': '6ef66d02-78bc-42d8-af42-449f36eff89d', 'noLicense': 1, 'latestVersion': '0.6.16', 'dbVersion': 1} from Polyglot
2026-05-28 11:40:24.677 Command    udi_interface.interface DEBUG    interface:_handleInput: PROCESS getNsInfo message {'id': 'f968726c-2723-488f-b25d-a8fcbdccb7b0', 'uuid': '00:21:b9:02:6d:cd', 'name': 'Hubitat2udi', 'nsid': 'c2ca20c9-0a57-48f9-a342-571d0a0b716d', 'expires': 0, 'nickname': None, 'profileNum': 15, 'developerMode': 0, 'timeAdded': 1768772952724, 'timeStarted': 1769201733443, 'timeModified': 1772040979668, 'version': '0.1.13', 'edition': 'Free', 'branch': 'develop', 'url': 'https://github.com/Panda88CO/udi-hubitat.git', 'home': '/var/polyglot/pg3/ns/0021b9026dcd_15', 'log': 'logs/debug.log', 'logLevel': 'DEBUG', 'logLevelList': '[{"id":4,"name":"Debug","value":"DEBUG","level":10},{"id":3,"name":"Info","value":"INFO","level":20},{"id":2,"name":"Warning","value":"WARNING","level":30},{"id":1,"name":"Error","value":"ERROR","level":40},{"id":0,"name":"Critical","value":"CRITICAL","level":50}]', 'enabled': 0, 'connected': 0, 'devMode': 0, 'type': 'python3', 'executable': 'udi-hubitat.py', 'shortPoll': 60, 'longPoll': 300, 'allowIsyAccess': 0, 'nsInfoPoll': 0, 'discover': 0, 'oauth': 0, 'requestId': 1, 'status_node': None, 'status_driver': None, 'orderId': None, 'store': 'Local', 'option': 'b9eabfee-b366-4cbc-a633-f84a40c2873a', 'noLicense': 1, 'latestVersion': '0.1.13', 'dbVersion': 1} from Polyglot
2026-05-28 11:40:24.677 Command    udi_interface.interface DEBUG    interface:_handleInput: PROCESS getNsInfo message {'id': 'd792df1f-511c-411c-983d-4c616b73454c', 'uuid': '00:21:b9:02:6d:cd', 'name': 'YoLink', 'nsid': '78312440-23ea-4ed6-9361-9cdc2d5e7c6b', 'expires': 0, 'nickname': None, 'profileNum': 23, 'developerMode': 0, 'timeAdded': 1775413663859, 'timeStarted': 1777572600688, 'timeModified': 1779992880124, 'version': '1.8.51', 'edition': 'Standard', 'branch': 'REL260506', 'url': 'https://github.com/Panda88CO/udi-yolink', 'home': '/var/polyglot/pg3/ns/0021b9026dcd_23', 'log': 'logs/debug.log', 'logLevel': 'INFO', 'logLevelList': '[{"id":4,"name":"Debug","value":"DEBUG","level":10},{"id":3,"name":"Info","value":"INFO","level":20},{"id":2,"name":"Warning","value":"WARNING","level":30},{"id":1,"name":"Error","value":"ERROR","level":40},{"id":0,"name":"Critical","value":"CRITICAL","level":50}]', 'enabled': 0, 'connected': 0, 'devMode': 0, 'type': 'python3', 'executable': 'udi-YoLink.py', 'shortPoll': 600, 'longPoll': 3600, 'allowIsyAccess': 0, 'nsInfoPoll': 0, 'discover': 0, 'oauth': 0, 'requestId': 0, 'status_node': None, 'status_driver': None, 'orderId': None, 'store': 'Production', 'option': '4310fb80-b38f-4f0d-b80e-d06af77cdb12', 'noLicense': 1, 'latestVersion': '1.8.58', 'dbVersion': 1} from Polyglot
2026-05-28 11:40:24.677 Command    udi_interface.interface DEBUG    interface:_handleInput: PROCESS getNsInfo message {'id': '0f05c1bd-4394-4291-b85b-bd14d001854f', 'uuid': '00:21:b9:02:6d:cd', 'name': 'BroadLink', 'nsid': '5bf099a4-e653-4644-b2d6-359db6a9c472', 'expires': 0, 'nickname': None, 'profileNum': 24, 'developerMode': 0, 'timeAdded': 1777308322118, 'timeStarted': 1779052122223, 'timeModified': 1779168198575, 'version': '0.2.8', 'edition': 'Standard', 'branch': 'DEV', 'url': 'https://github.com/Panda88CO/udi-Broadlink', 'home': '/var/polyglot/pg3/ns/0021b9026dcd_24', 'log': 'logs/debug.log', 'logLevel': 'DEBUG', 'logLevelList': '[{"id":4,"name":"Debug","value":"DEBUG","level":10},{"id":3,"name":"Info","value":"INFO","level":20},{"id":2,"name":"Warning","value":"WARNING","level":30},{"id":1,"name":"Error","value":"ERROR","level":40},{"id":0,"name":"Critical","value":"CRITICAL","level":50}]', 'enabled': 1, 'connected': 1, 'devMode': 0, 'type': 'python3', 'executable': 'udibroadlink.py', 'shortPoll': 60, 'longPoll': 600, 'allowIsyAccess': 0, 'nsInfoPoll': 0, 'discover': 0, 'oauth': 0, 'requestId': 1, 'status_node': 'setup', 'status_driver': 'ST', 'orderId': None, 'store': 'Local', 'option': '5651177f-97ca-4c4a-a365-00f0a630f454', 'noLicense': 1, 'latestVersion': '0.2.8', 'dbVersion': 1} from Polyglot
2026-05-28 11:40:24.677 Command    udi_interface.interface DEBUG    interface:_handleInput: PROCESS getNsInfo message {'id': 'cfa24faa-b9c9-4625-85c2-1407c6869857', 'uuid': '00:21:b9:02:6d:cd', 'name': 'KiddeSmokeDet', 'nsid': 'e77affb3-184c-43a1-8960-6516430b3304', 'expires': 0, 'nickname': None, 'profileNum': 25, 'developerMode': 0, 'timeAdded': 1777424113998, 'timeStarted': 1777573539402, 'timeModified': 1779168198552, 'version': '0.1.4', 'edition': 'Standard', 'branch': 'RELEASE260428', 'url': 'https://github.com/Panda88CO/udi-Kidde', 'home': '/var/polyglot/pg3/ns/0021b9026dcd_25', 'log': 'logs/debug.log', 'logLevel': 'INFO', 'logLevelList': '[{"id":4,"name":"Debug","value":"DEBUG","level":10},{"id":3,"name":"Info","value":"INFO","level":20},{"id":2,"name":"Warning","value":"WARNING","level":30},{"id":1,"name":"Error","value":"ERROR","level":40},{"id":0,"name":"Critical","value":"CRITICAL","level":50}]', 'enabled': 0, 'connected': 0, 'devMode': 0, 'type': 'python3', 'executable': 'udi_kidde.py', 'shortPoll': 60, 'longPoll': 300, 'allowIsyAccess': 0, 'nsInfoPoll': 0, 'discover': 0, 'oauth': 0, 'requestId': 1, 'status_node': 'setup', 'status_driver': 'ST', 'orderId': None, 'store': 'Production', 'option': '4e953619-c8d7-4114-932a-186b81186e60', 'noLicense': 1, 'latestVersion': '0.1.4', 'dbVersion': 1} from Polyglot
2026-05-28 11:40:24.677 Command    udi_interface.interface DEBUG    interface:_handleInput: PROCESS getNsInfo message {'id': '84f9e01e-fd41-4f01-93ff-525bad206af4', 'uuid': '00:21:b9:02:6d:cd', 'name': 'udiMonitorV1', 'nsid': '2084a462-7a53-435d-a77f-0b8f9683e11e', 'expires': 0, 'nickname': None, 'profileNum': 11, 'developerMode': 1, 'timeAdded': 1779992896431, 'timeStarted': 1779993565544, 'timeModified': 1779993624618, 'version': '1.0.0', 'edition': 'Free', 'branch': '', 'url': '', 'home': '/var/polyglot/pg3/ns/0021b9026dcd_11', 'log': 'logs/debug.log', 'logLevel': 'DEBUG', 'logLevelList': '[{"id":4,"name":"Debug","value":"DEBUG","level":10},{"id":3,"name":"Info","value":"INFO","level":20},{"id":2,"name":"Warning","value":"WARNING","level":30},{"id":1,"name":"Error","value":"ERROR","level":40},{"id":0,"name":"Critical","value":"CRITICAL","level":50}]', 'enabled': 1, 'connected': 1, 'devMode': 1, 'type': 'python3', 'executable': 'udiMonitor.py', 'shortPoll': 60, 'longPoll': 600, 'allowIsyAccess': 0, 'nsInfoPoll': 0, 'discover': 0, 'oauth': 0, 'requestId': 0, 'status_node': None, 'status_driver': None, 'orderId': None, 'store': 'Local', 'option': '', 'noLicense': 0, 'latestVersion': '0.0.1', 'dbVersion': 1} from Polyglot
2026-05-28 11:40:25.552 MQTT       udi_interface.interface DEBUG    interface:_message: QUEUING incoming message shortPoll
2026-05-28 11:40:25.553 Command    udi_interface.interface DEBUG    interface:_parseInput: DEQUEING shortPoll
2026-05-28 11:40:25.553 Command    udi_interface.interface DEBUG    interface:_handleInput: PROCESS shortPoll message {} from Polyglot
